{"/home/travis/build/npmtest/node-npmtest-haibu/test.js":{"path":"/home/travis/build/npmtest/node-npmtest-haibu/test.js","s":{"1":2,"2":2,"3":2,"4":2,"5":2,"6":2,"7":2,"8":1,"9":2,"10":2,"11":1,"12":1,"13":1,"14":1,"15":2,"16":2,"17":2,"18":2,"19":1,"20":1,"21":2,"22":2,"23":2,"24":1,"25":1,"26":1,"27":1,"28":1,"29":1,"30":1,"31":1,"32":1,"33":1,"34":1,"35":1,"36":1,"37":1,"38":1,"39":2,"40":2,"41":1,"42":2,"43":2,"44":1,"45":2,"46":2,"47":1,"48":2,"49":2,"50":1,"51":1,"52":1,"53":1,"54":1},"b":{"1":[2,1,1,1],"2":[1,1,1,1],"3":[1,1],"4":[1,1],"5":[1,1],"6":[1,1],"7":[1,1],"8":[1,1],"9":[1,1],"10":[1,1,1],"11":[1,1],"12":[1,1],"13":[1,1],"14":[1,1],"15":[1,1],"16":[1,1],"17":[1,1]},"f":{"1":2,"2":2,"3":2,"4":2,"5":2,"6":1,"7":1,"8":1,"9":2,"10":2,"11":2,"12":2,"13":1},"fnMap":{"1":{"name":"(anonymous_1)","line":12,"loc":{"start":{"line":12,"column":1},"end":{"line":12,"column":13}}},"2":{"name":"(anonymous_2)","line":19,"loc":{"start":{"line":19,"column":5},"end":{"line":19,"column":17}}},"3":{"name":"(anonymous_3)","line":23,"loc":{"start":{"line":23,"column":24},"end":{"line":23,"column":36}}},"4":{"name":"(anonymous_4)","line":61,"loc":{"start":{"line":61,"column":5},"end":{"line":61,"column":17}}},"5":{"name":"(anonymous_5)","line":82,"loc":{"start":{"line":82,"column":5},"end":{"line":82,"column":17}}},"6":{"name":"(anonymous_6)","line":91,"loc":{"start":{"line":91,"column":77},"end":{"line":94,"column":10}}},"7":{"name":"(anonymous_7)","line":112,"loc":{"start":{"line":112,"column":83},"end":{"line":115,"column":10}},"skip":true},"8":{"name":"(anonymous_8)","line":123,"loc":{"start":{"line":123,"column":77},"end":{"line":126,"column":10}},"skip":true},"9":{"name":"(anonymous_9)","line":139,"loc":{"start":{"line":139,"column":12},"end":{"line":139,"column":40}},"skip":true},"10":{"name":"(anonymous_10)","line":147,"loc":{"start":{"line":147,"column":77},"end":{"line":150,"column":10}},"skip":true},"11":{"name":"(anonymous_11)","line":158,"loc":{"start":{"line":158,"column":83},"end":{"line":161,"column":10}},"skip":true},"12":{"name":"(anonymous_12)","line":169,"loc":{"start":{"line":169,"column":79},"end":{"line":172,"column":10}},"skip":true},"13":{"name":"(anonymous_13)","line":180,"loc":{"start":{"line":180,"column":75},"end":{"line":183,"column":10}},"skip":true}},"statementMap":{"1":{"start":{"line":12,"column":0},"end":{"line":195,"column":5}},"2":{"start":{"line":14,"column":4},"end":{"line":14,"column":14}},"3":{"start":{"line":19,"column":4},"end":{"line":56,"column":9}},"4":{"start":{"line":21,"column":8},"end":{"line":21,"column":19}},"5":{"start":{"line":23,"column":8},"end":{"line":35,"column":13}},"6":{"start":{"line":24,"column":12},"end":{"line":34,"column":13}},"7":{"start":{"line":25,"column":16},"end":{"line":28,"column":30}},"8":{"start":{"line":30,"column":16},"end":{"line":33,"column":27}},"9":{"start":{"line":37,"column":8},"end":{"line":39,"column":21}},"10":{"start":{"line":40,"column":8},"end":{"line":53,"column":9}},"11":{"start":{"line":43,"column":12},"end":{"line":46,"column":14}},"12":{"start":{"line":47,"column":12},"end":{"line":47,"column":18}},"13":{"start":{"line":50,"column":12},"end":{"line":51,"column":33}},"14":{"start":{"line":52,"column":12},"end":{"line":52,"column":18}},"15":{"start":{"line":55,"column":8},"end":{"line":55,"column":35}},"16":{"start":{"line":61,"column":4},"end":{"line":63,"column":9}},"17":{"start":{"line":62,"column":8},"end":{"line":62,"column":15}},"18":{"start":{"line":64,"column":4},"end":{"line":77,"column":5}},"19":{"start":{"line":70,"column":8},"end":{"line":70,"column":14}},"20":{"start":{"line":76,"column":8},"end":{"line":76,"column":14}},"21":{"start":{"line":82,"column":4},"end":{"line":84,"column":9}},"22":{"start":{"line":83,"column":8},"end":{"line":83,"column":15}},"23":{"start":{"line":85,"column":4},"end":{"line":194,"column":5}},"24":{"start":{"line":91,"column":8},"end":{"line":99,"column":10}},"25":{"start":{"line":98,"column":12},"end":{"line":98,"column":35}},"26":{"start":{"line":102,"column":8},"end":{"line":104,"column":63}},"27":{"start":{"line":105,"column":8},"end":{"line":105,"column":14}},"28":{"start":{"line":112,"column":8},"end":{"line":121,"column":10},"skip":true},"29":{"start":{"line":119,"column":12},"end":{"line":119,"column":55},"skip":true},"30":{"start":{"line":120,"column":12},"end":{"line":120,"column":48},"skip":true},"31":{"start":{"line":123,"column":8},"end":{"line":136,"column":10},"skip":true},"32":{"start":{"line":130,"column":12},"end":{"line":130,"column":76},"skip":true},"33":{"start":{"line":131,"column":12},"end":{"line":131,"column":73},"skip":true},"34":{"start":{"line":132,"column":12},"end":{"line":132,"column":74},"skip":true},"35":{"start":{"line":133,"column":12},"end":{"line":133,"column":79},"skip":true},"36":{"start":{"line":134,"column":12},"end":{"line":134,"column":25},"skip":true},"37":{"start":{"line":135,"column":12},"end":{"line":135,"column":45},"skip":true},"38":{"start":{"line":138,"column":8},"end":{"line":145,"column":14},"skip":true},"39":{"start":{"line":143,"column":16},"end":{"line":143,"column":29},"skip":true},"40":{"start":{"line":144,"column":16},"end":{"line":144,"column":55},"skip":true},"41":{"start":{"line":147,"column":8},"end":{"line":156,"column":10},"skip":true},"42":{"start":{"line":154,"column":12},"end":{"line":154,"column":25},"skip":true},"43":{"start":{"line":155,"column":12},"end":{"line":155,"column":45},"skip":true},"44":{"start":{"line":158,"column":8},"end":{"line":167,"column":10},"skip":true},"45":{"start":{"line":165,"column":12},"end":{"line":165,"column":25},"skip":true},"46":{"start":{"line":166,"column":12},"end":{"line":166,"column":48},"skip":true},"47":{"start":{"line":169,"column":8},"end":{"line":178,"column":10},"skip":true},"48":{"start":{"line":176,"column":12},"end":{"line":176,"column":25},"skip":true},"49":{"start":{"line":177,"column":12},"end":{"line":177,"column":46},"skip":true},"50":{"start":{"line":180,"column":8},"end":{"line":189,"column":10},"skip":true},"51":{"start":{"line":187,"column":12},"end":{"line":187,"column":94},"skip":true},"52":{"start":{"line":188,"column":12},"end":{"line":188,"column":48},"skip":true},"53":{"start":{"line":192,"column":8},"end":{"line":192,"column":35},"skip":true},"54":{"start":{"line":193,"column":8},"end":{"line":193,"column":14},"skip":true}},"branchMap":{"1":{"line":25,"type":"binary-expr","locations":[{"start":{"line":25,"column":23},"end":{"line":25,"column":62}},{"start":{"line":26,"column":20},"end":{"line":26,"column":70}},{"start":{"line":27,"column":20},"end":{"line":27,"column":71}},{"start":{"line":28,"column":20},"end":{"line":28,"column":29}}]},"2":{"line":30,"type":"binary-expr","locations":[{"start":{"line":30,"column":23},"end":{"line":30,"column":37}},{"start":{"line":31,"column":20},"end":{"line":31,"column":61}},{"start":{"line":32,"column":20},"end":{"line":32,"column":70}},{"start":{"line":33,"column":20},"end":{"line":33,"column":26}}]},"3":{"line":37,"type":"cond-expr","locations":[{"start":{"line":38,"column":14},"end":{"line":38,"column":20}},{"start":{"line":39,"column":14},"end":{"line":39,"column":20}}]},"4":{"line":40,"type":"switch","locations":[{"start":{"line":42,"column":8},"end":{"line":47,"column":18}},{"start":{"line":49,"column":8},"end":{"line":52,"column":18}}]},"5":{"line":44,"type":"binary-expr","locations":[{"start":{"line":44,"column":16},"end":{"line":44,"column":44}},{"start":{"line":44,"column":48},"end":{"line":44,"column":66}}]},"6":{"line":50,"type":"binary-expr","locations":[{"start":{"line":50,"column":21},"end":{"line":50,"column":49}},{"start":{"line":50,"column":53},"end":{"line":50,"column":72}}]},"7":{"line":64,"type":"switch","locations":[{"start":{"line":69,"column":4},"end":{"line":70,"column":14}},{"start":{"line":75,"column":4},"end":{"line":76,"column":14}}]},"8":{"line":85,"type":"switch","locations":[{"start":{"line":90,"column":4},"end":{"line":105,"column":14}},{"start":{"line":111,"column":4},"end":{"line":193,"column":14},"skip":true}]},"9":{"line":91,"type":"binary-expr","locations":[{"start":{"line":91,"column":42},"end":{"line":91,"column":73}},{"start":{"line":91,"column":77},"end":{"line":99,"column":9}}]},"10":{"line":102,"type":"binary-expr","locations":[{"start":{"line":102,"column":18},"end":{"line":102,"column":32}},{"start":{"line":103,"column":12},"end":{"line":103,"column":53}},{"start":{"line":104,"column":12},"end":{"line":104,"column":61}}]},"11":{"line":112,"type":"binary-expr","locations":[{"start":{"line":112,"column":45},"end":{"line":112,"column":79},"skip":true},{"start":{"line":112,"column":83},"end":{"line":121,"column":9},"skip":true}]},"12":{"line":123,"type":"binary-expr","locations":[{"start":{"line":123,"column":42},"end":{"line":123,"column":73},"skip":true},{"start":{"line":123,"column":77},"end":{"line":136,"column":9},"skip":true}]},"13":{"line":138,"type":"binary-expr","locations":[{"start":{"line":138,"column":48},"end":{"line":138,"column":85},"skip":true},{"start":{"line":139,"column":12},"end":{"line":145,"column":13},"skip":true}]},"14":{"line":147,"type":"binary-expr","locations":[{"start":{"line":147,"column":42},"end":{"line":147,"column":73},"skip":true},{"start":{"line":147,"column":77},"end":{"line":156,"column":9},"skip":true}]},"15":{"line":158,"type":"binary-expr","locations":[{"start":{"line":158,"column":45},"end":{"line":158,"column":79},"skip":true},{"start":{"line":158,"column":83},"end":{"line":167,"column":9},"skip":true}]},"16":{"line":169,"type":"binary-expr","locations":[{"start":{"line":169,"column":43},"end":{"line":169,"column":75},"skip":true},{"start":{"line":169,"column":79},"end":{"line":178,"column":9},"skip":true}]},"17":{"line":180,"type":"binary-expr","locations":[{"start":{"line":180,"column":41},"end":{"line":180,"column":71},"skip":true},{"start":{"line":180,"column":75},"end":{"line":189,"column":9},"skip":true}]}},"code":["/* istanbul instrument in package npmtest_haibu */","/*jslint","    bitwise: true,","    browser: true,","    maxerr: 8,","    maxlen: 96,","    node: true,","    nomen: true,","    regexp: true,","    stupid: true","*/","(function () {","    'use strict';","    var local;","","","","    // run shared js-env code - init-before","    (function () {","        // init local","        local = {};","        // init modeJs","        local.modeJs = (function () {","            try {","                return typeof navigator.userAgent === 'string' &&","                    typeof document.querySelector('body') === 'object' &&","                    typeof XMLHttpRequest.prototype.open === 'function' &&","                    'browser';","            } catch (errorCaughtBrowser) {","                return module.exports &&","                    typeof process.versions.node === 'string' &&","                    typeof require('http').createServer === 'function' &&","                    'node';","            }","        }());","        // init global","        local.global = local.modeJs === 'browser'","            ? window","            : global;","        switch (local.modeJs) {","        // re-init local from window.local","        case 'browser':","            local = local.global.utility2.objectSetDefault(","                local.global.utility2_rollup || local.global.local,","                local.global.utility2","            );","            break;","        // re-init local from example.js","        case 'node':","            local = (local.global.utility2_rollup || require('utility2'))","                .requireReadme();","            break;","        }","        // export local","        local.global.local = local;","    }());","","","","    // run shared js-env code - function","    (function () {","        return;","    }());","    switch (local.modeJs) {","","","","    // run browser js-env code - function","    case 'browser':","        break;","","","","    // run node js-env code - function","    case 'node':","        break;","    }","","","","    // run shared js-env code - init-after","    (function () {","        return;","    }());","    switch (local.modeJs) {","","","","    // run browser js-env code - init-after","    case 'browser':","        local.testCase_browser_nullCase = local.testCase_browser_nullCase || function (","            options,","            onError","        ) {","        /*","         * this function will test browsers's null-case handling-behavior-behavior","         */","            onError(null, options);","        };","","        // run tests","        local.nop(local.modeTest &&","            document.querySelector('#testRunButton1') &&","            document.querySelector('#testRunButton1').click());","        break;","","","","    // run node js-env code - init-after","    /* istanbul ignore next */","    case 'node':","        local.testCase_buildApidoc_default = local.testCase_buildApidoc_default || function (","            options,","            onError","        ) {","        /*","         * this function will test buildApidoc's default handling-behavior-behavior","         */","            options = { modulePathList: module.paths };","            local.buildApidoc(options, onError);","        };","","        local.testCase_buildApp_default = local.testCase_buildApp_default || function (","            options,","            onError","        ) {","        /*","         * this function will test buildApp's default handling-behavior-behavior","         */","            local.testCase_buildReadme_default(options, local.onErrorThrow);","            local.testCase_buildLib_default(options, local.onErrorThrow);","            local.testCase_buildTest_default(options, local.onErrorThrow);","            local.testCase_buildCustomOrg_default(options, local.onErrorThrow);","            options = [];","            local.buildApp(options, onError);","        };","","        local.testCase_buildCustomOrg_default = local.testCase_buildCustomOrg_default ||","            function (options, onError) {","            /*","             * this function will test buildCustomOrg's default handling-behavior","             */","                options = {};","                local.buildCustomOrg(options, onError);","            };","","        local.testCase_buildLib_default = local.testCase_buildLib_default || function (","            options,","            onError","        ) {","        /*","         * this function will test buildLib's default handling-behavior","         */","            options = {};","            local.buildLib(options, onError);","        };","","        local.testCase_buildReadme_default = local.testCase_buildReadme_default || function (","            options,","            onError","        ) {","        /*","         * this function will test buildReadme's default handling-behavior-behavior","         */","            options = {};","            local.buildReadme(options, onError);","        };","","        local.testCase_buildTest_default = local.testCase_buildTest_default || function (","            options,","            onError","        ) {","        /*","         * this function will test buildTest's default handling-behavior","         */","            options = {};","            local.buildTest(options, onError);","        };","","        local.testCase_webpage_default = local.testCase_webpage_default || function (","            options,","            onError","        ) {","        /*","         * this function will test webpage's default handling-behavior","         */","            options = { modeCoverageMerge: true, url: local.serverLocalHost + '?modeTest=1' };","            local.browserTest(options, onError);","        };","","        // run test-server","        local.testRunServer(local);","        break;","    }","}());",""],"l":{"12":2,"14":2,"19":2,"21":2,"23":2,"24":2,"25":2,"30":1,"37":2,"40":2,"43":1,"47":1,"50":1,"52":1,"55":2,"61":2,"62":2,"64":2,"70":1,"76":1,"82":2,"83":2,"85":2,"91":1,"98":1,"102":1,"105":1,"112":1,"119":1,"120":1,"123":1,"130":1,"131":1,"132":1,"133":1,"134":1,"135":1,"138":1,"143":2,"144":2,"147":1,"154":2,"155":2,"158":1,"165":2,"166":2,"169":1,"176":2,"177":2,"180":1,"187":1,"188":1,"192":1,"193":1}},"/home/travis/build/npmtest/node-npmtest-haibu/lib.npmtest_haibu.js":{"path":"/home/travis/build/npmtest/node-npmtest-haibu/lib.npmtest_haibu.js","s":{"1":2,"2":2,"3":2,"4":2,"5":2,"6":2,"7":2,"8":1,"9":2,"10":2,"11":2,"12":2,"13":1,"14":1,"15":1,"16":1},"b":{"1":[2,1,1,1],"2":[1,1,1,1],"3":[1,1],"4":[2,2],"5":[1,1]},"f":{"1":2,"2":2,"3":2},"fnMap":{"1":{"name":"(anonymous_1)","line":12,"loc":{"start":{"line":12,"column":1},"end":{"line":12,"column":13}}},"2":{"name":"(anonymous_2)","line":19,"loc":{"start":{"line":19,"column":5},"end":{"line":19,"column":17}}},"3":{"name":"(anonymous_3)","line":23,"loc":{"start":{"line":23,"column":24},"end":{"line":23,"column":36}}}},"statementMap":{"1":{"start":{"line":12,"column":0},"end":{"line":53,"column":5}},"2":{"start":{"line":14,"column":4},"end":{"line":14,"column":14}},"3":{"start":{"line":19,"column":4},"end":{"line":52,"column":9}},"4":{"start":{"line":21,"column":8},"end":{"line":21,"column":19}},"5":{"start":{"line":23,"column":8},"end":{"line":35,"column":13}},"6":{"start":{"line":24,"column":12},"end":{"line":34,"column":13}},"7":{"start":{"line":25,"column":16},"end":{"line":28,"column":30}},"8":{"start":{"line":30,"column":16},"end":{"line":33,"column":27}},"9":{"start":{"line":37,"column":8},"end":{"line":39,"column":21}},"10":{"start":{"line":41,"column":8},"end":{"line":41,"column":54}},"11":{"start":{"line":43,"column":8},"end":{"line":43,"column":50}},"12":{"start":{"line":45,"column":8},"end":{"line":51,"column":9}},"13":{"start":{"line":46,"column":12},"end":{"line":46,"column":56}},"14":{"start":{"line":48,"column":12},"end":{"line":48,"column":35}},"15":{"start":{"line":49,"column":12},"end":{"line":49,"column":49}},"16":{"start":{"line":50,"column":12},"end":{"line":50,"column":43}}},"branchMap":{"1":{"line":25,"type":"binary-expr","locations":[{"start":{"line":25,"column":23},"end":{"line":25,"column":62}},{"start":{"line":26,"column":20},"end":{"line":26,"column":70}},{"start":{"line":27,"column":20},"end":{"line":27,"column":71}},{"start":{"line":28,"column":20},"end":{"line":28,"column":29}}]},"2":{"line":30,"type":"binary-expr","locations":[{"start":{"line":30,"column":23},"end":{"line":30,"column":37}},{"start":{"line":31,"column":20},"end":{"line":31,"column":61}},{"start":{"line":32,"column":20},"end":{"line":32,"column":70}},{"start":{"line":33,"column":20},"end":{"line":33,"column":26}}]},"3":{"line":37,"type":"cond-expr","locations":[{"start":{"line":38,"column":14},"end":{"line":38,"column":20}},{"start":{"line":39,"column":14},"end":{"line":39,"column":20}}]},"4":{"line":41,"type":"binary-expr","locations":[{"start":{"line":41,"column":16},"end":{"line":41,"column":44}},{"start":{"line":41,"column":48},"end":{"line":41,"column":53}}]},"5":{"line":45,"type":"if","locations":[{"start":{"line":45,"column":8},"end":{"line":45,"column":8}},{"start":{"line":45,"column":8},"end":{"line":45,"column":8}}]}},"code":["/* istanbul instrument in package npmtest_haibu */","/*jslint","    bitwise: true,","    browser: true,","    maxerr: 8,","    maxlen: 96,","    node: true,","    nomen: true,","    regexp: true,","    stupid: true","*/","(function () {","    'use strict';","    var local;","","","","    // run shared js-env code - init-before","    (function () {","        // init local","        local = {};","        // init modeJs","        local.modeJs = (function () {","            try {","                return typeof navigator.userAgent === 'string' &&","                    typeof document.querySelector('body') === 'object' &&","                    typeof XMLHttpRequest.prototype.open === 'function' &&","                    'browser';","            } catch (errorCaughtBrowser) {","                return module.exports &&","                    typeof process.versions.node === 'string' &&","                    typeof require('http').createServer === 'function' &&","                    'node';","            }","        }());","        // init global","        local.global = local.modeJs === 'browser'","            ? window","            : global;","        // init utility2_rollup","        local = local.global.utility2_rollup || local;","        // init lib","        local.local = local.npmtest_haibu = local;","        // init exports","        if (local.modeJs === 'browser') {","            local.global.utility2_npmtest_haibu = local;","        } else {","            module.exports = local;","            module.exports.__dirname = __dirname;","            module.exports.module = module;","        }","    }());","}());",""],"l":{"12":2,"14":2,"19":2,"21":2,"23":2,"24":2,"25":2,"30":1,"37":2,"41":2,"43":2,"45":2,"46":1,"48":1,"49":1,"50":1}},"/home/travis/build/npmtest/node-npmtest-haibu/example.js":{"path":"/home/travis/build/npmtest/node-npmtest-haibu/example.js","s":{"1":2,"2":2,"3":2,"4":2,"5":2,"6":2,"7":2,"8":1,"9":2,"10":2,"11":2,"12":2,"13":1,"14":2,"15":2,"16":2,"17":2,"18":2,"19":0,"20":2,"21":1,"22":1,"23":1,"24":1,"25":1,"26":0,"27":0,"28":1,"29":1,"30":2,"31":0,"32":0,"33":0,"34":1,"35":2,"36":2,"37":3,"38":3,"39":3,"40":3,"41":0,"42":3,"43":3,"44":3,"45":1,"46":3,"47":1,"48":1,"49":1,"50":1,"51":1,"52":1,"53":1,"54":1,"55":1,"56":1,"57":0,"58":1,"59":6,"60":6,"61":1,"62":2,"63":0,"64":2,"65":1,"66":1,"67":0,"68":0,"69":0,"70":0,"71":0,"72":0,"73":0,"74":0,"75":0,"76":0,"77":0,"78":0,"79":0,"80":0,"81":0,"82":0,"83":0},"b":{"1":[2,1,1,1],"2":[1,1,1,1],"3":[1,1],"4":[2,2],"5":[1,1],"6":[1,1],"7":[2,0],"8":[2,1,1,1,1,1],"9":[0,2,0],"10":[1,1],"11":[2,1,1],"12":[1,0],"13":[0,2],"14":[2,0,0,0,0,0,0],"15":[0,3],"16":[3,0],"17":[1,1],"18":[0,1],"19":[1,2,0,2],"20":[1,0],"21":[1,1],"22":[0,0],"23":[0,0],"24":[0,0],"25":[0,0],"26":[0,0],"27":[0,0],"28":[0,0]},"f":{"1":2,"2":2,"3":2,"4":2,"5":2,"6":2,"7":3,"8":3,"9":3,"10":1,"11":6,"12":0},"fnMap":{"1":{"name":"(anonymous_1)","line":26,"loc":{"start":{"line":26,"column":1},"end":{"line":26,"column":13}}},"2":{"name":"(anonymous_2)","line":33,"loc":{"start":{"line":33,"column":5},"end":{"line":33,"column":17}}},"3":{"name":"(anonymous_3)","line":37,"loc":{"start":{"line":37,"column":24},"end":{"line":37,"column":36}}},"4":{"name":"(anonymous_4)","line":69,"loc":{"start":{"line":69,"column":31},"end":{"line":69,"column":48}},"skip":true},"5":{"name":"(anonymous_5)","line":78,"loc":{"start":{"line":78,"column":26},"end":{"line":78,"column":45}},"skip":true},"6":{"name":"(anonymous_6)","line":123,"loc":{"start":{"line":123,"column":33},"end":{"line":123,"column":48}},"skip":true},"7":{"name":"(anonymous_7)","line":125,"loc":{"start":{"line":125,"column":27},"end":{"line":125,"column":39}},"skip":true},"8":{"name":"(anonymous_8)","line":133,"loc":{"start":{"line":133,"column":59},"end":{"line":133,"column":74}},"skip":true},"9":{"name":"(anonymous_9)","line":143,"loc":{"start":{"line":143,"column":45},"end":{"line":143,"column":62}},"skip":true},"10":{"name":"(anonymous_10)","line":144,"loc":{"start":{"line":144,"column":73},"end":{"line":144,"column":92}},"skip":true},"11":{"name":"(anonymous_11)","line":272,"loc":{"start":{"line":272,"column":51},"end":{"line":272,"column":77}},"skip":true},"12":{"name":"(anonymous_12)","line":315,"loc":{"start":{"line":315,"column":32},"end":{"line":315,"column":61}},"skip":true}},"statementMap":{"1":{"start":{"line":26,"column":0},"end":{"line":326,"column":5}},"2":{"start":{"line":28,"column":4},"end":{"line":28,"column":14}},"3":{"start":{"line":33,"column":4},"end":{"line":60,"column":9}},"4":{"start":{"line":35,"column":8},"end":{"line":35,"column":19}},"5":{"start":{"line":37,"column":8},"end":{"line":49,"column":13}},"6":{"start":{"line":38,"column":12},"end":{"line":48,"column":13}},"7":{"start":{"line":39,"column":16},"end":{"line":42,"column":30}},"8":{"start":{"line":44,"column":16},"end":{"line":47,"column":27}},"9":{"start":{"line":51,"column":8},"end":{"line":53,"column":21}},"10":{"start":{"line":55,"column":8},"end":{"line":57,"column":45}},"11":{"start":{"line":59,"column":8},"end":{"line":59,"column":35}},"12":{"start":{"line":61,"column":4},"end":{"line":325,"column":5}},"13":{"start":{"line":69,"column":8},"end":{"line":121,"column":10},"skip":true},"14":{"start":{"line":70,"column":12},"end":{"line":88,"column":13},"skip":true},"15":{"start":{"line":76,"column":16},"end":{"line":87,"column":19},"skip":true},"16":{"start":{"line":79,"column":20},"end":{"line":86,"column":21},"skip":true},"17":{"start":{"line":82,"column":24},"end":{"line":82,"column":43},"skip":true},"18":{"start":{"line":83,"column":24},"end":{"line":83,"column":30},"skip":true},"19":{"start":{"line":85,"column":24},"end":{"line":85,"column":49},"skip":true},"20":{"start":{"line":89,"column":12},"end":{"line":107,"column":13},"skip":true},"21":{"start":{"line":92,"column":16},"end":{"line":102,"column":17},"skip":true},"22":{"start":{"line":93,"column":20},"end":{"line":93,"column":86},"skip":true},"23":{"start":{"line":94,"column":20},"end":{"line":95,"column":45},"skip":true},"24":{"start":{"line":96,"column":20},"end":{"line":96,"column":42},"skip":true},"25":{"start":{"line":97,"column":20},"end":{"line":97,"column":48},"skip":true},"26":{"start":{"line":100,"column":20},"end":{"line":100,"column":85},"skip":true},"27":{"start":{"line":101,"column":20},"end":{"line":101,"column":96},"skip":true},"28":{"start":{"line":103,"column":16},"end":{"line":103,"column":22},"skip":true},"29":{"start":{"line":106,"column":16},"end":{"line":106,"column":22},"skip":true},"30":{"start":{"line":108,"column":12},"end":{"line":120,"column":13},"skip":true},"31":{"start":{"line":114,"column":16},"end":{"line":119,"column":17},"skip":true},"32":{"start":{"line":116,"column":20},"end":{"line":116,"column":78},"skip":true},"33":{"start":{"line":118,"column":20},"end":{"line":118,"column":47},"skip":true},"34":{"start":{"line":123,"column":8},"end":{"line":141,"column":11},"skip":true},"35":{"start":{"line":124,"column":12},"end":{"line":124,"column":54},"skip":true},"36":{"start":{"line":125,"column":12},"end":{"line":140,"column":14},"skip":true},"37":{"start":{"line":126,"column":16},"end":{"line":126,"column":28},"skip":true},"38":{"start":{"line":127,"column":16},"end":{"line":127,"column":69},"skip":true},"39":{"start":{"line":128,"column":16},"end":{"line":128,"column":75},"skip":true},"40":{"start":{"line":129,"column":16},"end":{"line":131,"column":17},"skip":true},"41":{"start":{"line":130,"column":20},"end":{"line":130,"column":27},"skip":true},"42":{"start":{"line":133,"column":16},"end":{"line":137,"column":36},"skip":true},"43":{"start":{"line":134,"column":20},"end":{"line":136,"column":55},"skip":true},"44":{"start":{"line":139,"column":16},"end":{"line":139,"column":57},"skip":true},"45":{"start":{"line":143,"column":8},"end":{"line":147,"column":11},"skip":true},"46":{"start":{"line":144,"column":12},"end":{"line":146,"column":15},"skip":true},"47":{"start":{"line":145,"column":16},"end":{"line":145,"column":70},"skip":true},"48":{"start":{"line":149,"column":8},"end":{"line":149,"column":31},"skip":true},"49":{"start":{"line":150,"column":8},"end":{"line":150,"column":14},"skip":true},"50":{"start":{"line":158,"column":8},"end":{"line":158,"column":31},"skip":true},"51":{"start":{"line":160,"column":8},"end":{"line":160,"column":33},"skip":true},"52":{"start":{"line":161,"column":8},"end":{"line":161,"column":37},"skip":true},"53":{"start":{"line":162,"column":8},"end":{"line":162,"column":35},"skip":true},"54":{"start":{"line":164,"column":8},"end":{"line":164,"column":50},"skip":true},"55":{"start":{"line":166,"column":8},"end":{"line":256,"column":2},"skip":true},"56":{"start":{"line":258,"column":8},"end":{"line":286,"column":9},"skip":true},"57":{"start":{"line":259,"column":12},"end":{"line":269,"column":14},"skip":true},"58":{"start":{"line":271,"column":12},"end":{"line":285,"column":19},"skip":true},"59":{"start":{"line":274,"column":20},"end":{"line":274,"column":35},"skip":true},"60":{"start":{"line":275,"column":20},"end":{"line":284,"column":21},"skip":true},"61":{"start":{"line":277,"column":24},"end":{"line":277,"column":64},"skip":true},"62":{"start":{"line":279,"column":24},"end":{"line":279,"column":40},"skip":true},"63":{"start":{"line":281,"column":24},"end":{"line":281,"column":40},"skip":true},"64":{"start":{"line":283,"column":24},"end":{"line":283,"column":39},"skip":true},"65":{"start":{"line":288,"column":8},"end":{"line":290,"column":9},"skip":true},"66":{"start":{"line":289,"column":12},"end":{"line":289,"column":18},"skip":true},"67":{"start":{"line":291,"column":8},"end":{"line":293,"column":54},"skip":true},"68":{"start":{"line":296,"column":8},"end":{"line":301,"column":37},"skip":true},"69":{"start":{"line":303,"column":8},"end":{"line":303,"column":82},"skip":true},"70":{"start":{"line":306,"column":8},"end":{"line":308,"column":9},"skip":true},"71":{"start":{"line":307,"column":12},"end":{"line":307,"column":82},"skip":true},"72":{"start":{"line":310,"column":8},"end":{"line":312,"column":9},"skip":true},"73":{"start":{"line":311,"column":12},"end":{"line":311,"column":18},"skip":true},"74":{"start":{"line":313,"column":8},"end":{"line":313,"column":54},"skip":true},"75":{"start":{"line":314,"column":8},"end":{"line":314,"column":69},"skip":true},"76":{"start":{"line":315,"column":8},"end":{"line":323,"column":36},"skip":true},"77":{"start":{"line":316,"column":12},"end":{"line":316,"column":61},"skip":true},"78":{"start":{"line":317,"column":12},"end":{"line":320,"column":13},"skip":true},"79":{"start":{"line":318,"column":16},"end":{"line":318,"column":75},"skip":true},"80":{"start":{"line":319,"column":16},"end":{"line":319,"column":23},"skip":true},"81":{"start":{"line":321,"column":12},"end":{"line":321,"column":38},"skip":true},"82":{"start":{"line":322,"column":12},"end":{"line":322,"column":27},"skip":true},"83":{"start":{"line":324,"column":8},"end":{"line":324,"column":14},"skip":true}},"branchMap":{"1":{"line":39,"type":"binary-expr","locations":[{"start":{"line":39,"column":23},"end":{"line":39,"column":62}},{"start":{"line":40,"column":20},"end":{"line":40,"column":70}},{"start":{"line":41,"column":20},"end":{"line":41,"column":71}},{"start":{"line":42,"column":20},"end":{"line":42,"column":29}}]},"2":{"line":44,"type":"binary-expr","locations":[{"start":{"line":44,"column":23},"end":{"line":44,"column":37}},{"start":{"line":45,"column":20},"end":{"line":45,"column":61}},{"start":{"line":46,"column":20},"end":{"line":46,"column":70}},{"start":{"line":47,"column":20},"end":{"line":47,"column":26}}]},"3":{"line":51,"type":"cond-expr","locations":[{"start":{"line":52,"column":14},"end":{"line":52,"column":20}},{"start":{"line":53,"column":14},"end":{"line":53,"column":20}}]},"4":{"line":55,"type":"binary-expr","locations":[{"start":{"line":55,"column":16},"end":{"line":55,"column":44}},{"start":{"line":55,"column":49},"end":{"line":57,"column":43}}]},"5":{"line":55,"type":"cond-expr","locations":[{"start":{"line":56,"column":14},"end":{"line":56,"column":49}},{"start":{"line":57,"column":14},"end":{"line":57,"column":43}}]},"6":{"line":61,"type":"switch","locations":[{"start":{"line":68,"column":4},"end":{"line":150,"column":14},"skip":true},{"start":{"line":156,"column":4},"end":{"line":324,"column":14},"skip":true}]},"7":{"line":70,"type":"if","locations":[{"start":{"line":70,"column":12},"end":{"line":70,"column":12},"skip":true},{"start":{"line":70,"column":12},"end":{"line":70,"column":12},"skip":true}]},"8":{"line":70,"type":"binary-expr","locations":[{"start":{"line":70,"column":16},"end":{"line":70,"column":22},"skip":true},{"start":{"line":70,"column":27},"end":{"line":70,"column":32},"skip":true},{"start":{"line":71,"column":20},"end":{"line":71,"column":39},"skip":true},{"start":{"line":72,"column":20},"end":{"line":72,"column":49},"skip":true},{"start":{"line":73,"column":20},"end":{"line":73,"column":58},"skip":true},{"start":{"line":74,"column":20},"end":{"line":74,"column":69},"skip":true}]},"9":{"line":79,"type":"switch","locations":[{"start":{"line":80,"column":20},"end":{"line":80,"column":33},"skip":true},{"start":{"line":81,"column":20},"end":{"line":83,"column":30},"skip":true},{"start":{"line":84,"column":20},"end":{"line":85,"column":49},"skip":true}]},"10":{"line":89,"type":"switch","locations":[{"start":{"line":90,"column":12},"end":{"line":103,"column":22},"skip":true},{"start":{"line":105,"column":12},"end":{"line":106,"column":22},"skip":true}]},"11":{"line":89,"type":"binary-expr","locations":[{"start":{"line":89,"column":20},"end":{"line":89,"column":25},"skip":true},{"start":{"line":89,"column":29},"end":{"line":89,"column":48},"skip":true},{"start":{"line":89,"column":52},"end":{"line":89,"column":74},"skip":true}]},"12":{"line":92,"type":"if","locations":[{"start":{"line":92,"column":16},"end":{"line":92,"column":16},"skip":true},{"start":{"line":92,"column":16},"end":{"line":92,"column":16},"skip":true}]},"13":{"line":108,"type":"if","locations":[{"start":{"line":108,"column":12},"end":{"line":108,"column":12},"skip":true},{"start":{"line":108,"column":12},"end":{"line":108,"column":12},"skip":true}]},"14":{"line":108,"type":"binary-expr","locations":[{"start":{"line":108,"column":16},"end":{"line":108,"column":61},"skip":true},{"start":{"line":108,"column":66},"end":{"line":108,"column":72},"skip":true},{"start":{"line":108,"column":77},"end":{"line":108,"column":82},"skip":true},{"start":{"line":109,"column":20},"end":{"line":109,"column":39},"skip":true},{"start":{"line":110,"column":20},"end":{"line":110,"column":49},"skip":true},{"start":{"line":111,"column":20},"end":{"line":111,"column":58},"skip":true},{"start":{"line":112,"column":20},"end":{"line":112,"column":68},"skip":true}]},"15":{"line":129,"type":"if","locations":[{"start":{"line":129,"column":16},"end":{"line":129,"column":16},"skip":true},{"start":{"line":129,"column":16},"end":{"line":129,"column":16},"skip":true}]},"16":{"line":134,"type":"cond-expr","locations":[{"start":{"line":135,"column":26},"end":{"line":135,"column":29},"skip":true},{"start":{"line":136,"column":26},"end":{"line":136,"column":54},"skip":true}]},"17":{"line":164,"type":"binary-expr","locations":[{"start":{"line":164,"column":27},"end":{"line":164,"column":43},"skip":true},{"start":{"line":164,"column":47},"end":{"line":164,"column":49},"skip":true}]},"18":{"line":258,"type":"if","locations":[{"start":{"line":258,"column":8},"end":{"line":258,"column":8},"skip":true},{"start":{"line":258,"column":8},"end":{"line":258,"column":8},"skip":true}]},"19":{"line":275,"type":"switch","locations":[{"start":{"line":276,"column":20},"end":{"line":277,"column":64},"skip":true},{"start":{"line":278,"column":20},"end":{"line":279,"column":40},"skip":true},{"start":{"line":280,"column":20},"end":{"line":281,"column":40},"skip":true},{"start":{"line":282,"column":20},"end":{"line":283,"column":39},"skip":true}]},"20":{"line":288,"type":"if","locations":[{"start":{"line":288,"column":8},"end":{"line":288,"column":8},"skip":true},{"start":{"line":288,"column":8},"end":{"line":288,"column":8},"skip":true}]},"21":{"line":288,"type":"binary-expr","locations":[{"start":{"line":288,"column":12},"end":{"line":288,"column":40},"skip":true},{"start":{"line":288,"column":44},"end":{"line":288,"column":67},"skip":true}]},"22":{"line":292,"type":"binary-expr","locations":[{"start":{"line":292,"column":12},"end":{"line":292,"column":50},"skip":true},{"start":{"line":293,"column":12},"end":{"line":293,"column":53},"skip":true}]},"23":{"line":297,"type":"binary-expr","locations":[{"start":{"line":297,"column":12},"end":{"line":297,"column":63},"skip":true},{"start":{"line":298,"column":12},"end":{"line":301,"column":36},"skip":true}]},"24":{"line":303,"type":"binary-expr","locations":[{"start":{"line":303,"column":43},"end":{"line":303,"column":75},"skip":true},{"start":{"line":303,"column":79},"end":{"line":303,"column":81},"skip":true}]},"25":{"line":306,"type":"if","locations":[{"start":{"line":306,"column":8},"end":{"line":306,"column":8},"skip":true},{"start":{"line":306,"column":8},"end":{"line":306,"column":8},"skip":true}]},"26":{"line":310,"type":"if","locations":[{"start":{"line":310,"column":8},"end":{"line":310,"column":8},"skip":true},{"start":{"line":310,"column":8},"end":{"line":310,"column":8},"skip":true}]},"27":{"line":313,"type":"binary-expr","locations":[{"start":{"line":313,"column":27},"end":{"line":313,"column":43},"skip":true},{"start":{"line":313,"column":47},"end":{"line":313,"column":53},"skip":true}]},"28":{"line":317,"type":"if","locations":[{"start":{"line":317,"column":12},"end":{"line":317,"column":12},"skip":true},{"start":{"line":317,"column":12},"end":{"line":317,"column":12},"skip":true}]}},"code":["/*","example.js","","quickstart example","","instruction","    1. save this script as example.js","    2. run the shell command:","        $ npm install npmtest-haibu && PORT=8081 node example.js","    3. play with the browser-demo on http://127.0.0.1:8081","*/","","","","/* istanbul instrument in package npmtest_haibu */","/*jslint","    bitwise: true,","    browser: true,","    maxerr: 8,","    maxlen: 96,","    node: true,","    nomen: true,","    regexp: true,","    stupid: true","*/","(function () {","    'use strict';","    var local;","","","","    // run shared js-env code - init-before","    (function () {","        // init local","        local = {};","        // init modeJs","        local.modeJs = (function () {","            try {","                return typeof navigator.userAgent === 'string' &&","                    typeof document.querySelector('body') === 'object' &&","                    typeof XMLHttpRequest.prototype.open === 'function' &&","                    'browser';","            } catch (errorCaughtBrowser) {","                return module.exports &&","                    typeof process.versions.node === 'string' &&","                    typeof require('http').createServer === 'function' &&","                    'node';","            }","        }());","        // init global","        local.global = local.modeJs === 'browser'","            ? window","            : global;","        // init utility2_rollup","        local = local.global.utility2_rollup || (local.modeJs === 'browser'","            ? local.global.utility2_npmtest_haibu","            : global.utility2_moduleExports);","        // export local","        local.global.local = local;","    }());","    switch (local.modeJs) {","","","","    // init-after","    // run browser js-env code - init-after","    /* istanbul ignore next */","    case 'browser':","        local.testRunBrowser = function (event) {","            if (!event || (event &&","                    event.currentTarget &&","                    event.currentTarget.className &&","                    event.currentTarget.className.includes &&","                    event.currentTarget.className.includes('onreset'))) {","                // reset output","                Array.from(","                    document.querySelectorAll('body > .resettable')","                ).forEach(function (element) {","                    switch (element.tagName) {","                    case 'INPUT':","                    case 'TEXTAREA':","                        element.value = '';","                        break;","                    default:","                        element.textContent = '';","                    }","                });","            }","            switch (event && event.currentTarget && event.currentTarget.id) {","            case 'testRunButton1':","                // show tests","                if (document.querySelector('#testReportDiv1').style.display === 'none') {","                    document.querySelector('#testReportDiv1').style.display = 'block';","                    document.querySelector('#testRunButton1').textContent =","                        'hide internal test';","                    local.modeTest = true;","                    local.testRunDefault(local);","                // hide tests","                } else {","                    document.querySelector('#testReportDiv1').style.display = 'none';","                    document.querySelector('#testRunButton1').textContent = 'run internal test';","                }","                break;","            // custom-case","            default:","                break;","            }","            if (document.querySelector('#inputTextareaEval1') && (!event || (event &&","                    event.currentTarget &&","                    event.currentTarget.className &&","                    event.currentTarget.className.includes &&","                    event.currentTarget.className.includes('oneval')))) {","                // try to eval input-code","                try {","                    /*jslint evil: true*/","                    eval(document.querySelector('#inputTextareaEval1').value);","                } catch (errorCaught) {","                    console.error(errorCaught);","                }","            }","        };","        // log stderr and stdout to #outputTextareaStdout1","        ['error', 'log'].forEach(function (key) {","            console[key + '_original'] = console[key];","            console[key] = function () {","                var element;","                console[key + '_original'].apply(console, arguments);","                element = document.querySelector('#outputTextareaStdout1');","                if (!element) {","                    return;","                }","                // append text to #outputTextareaStdout1","                element.value += Array.from(arguments).map(function (arg) {","                    return typeof arg === 'string'","                        ? arg","                        : JSON.stringify(arg, null, 4);","                }).join(' ') + '\\n';","                // scroll textarea to bottom","                element.scrollTop = element.scrollHeight;","            };","        });","        // init event-handling","        ['change', 'click', 'keyup'].forEach(function (event) {","            Array.from(document.querySelectorAll('.on' + event)).forEach(function (element) {","                element.addEventListener(event, local.testRunBrowser);","            });","        });","        // run tests","        local.testRunBrowser();","        break;","","","","    // run node js-env code - init-after","    /* istanbul ignore next */","    case 'node':","        // export local","        module.exports = local;","        // require modules","        local.fs = require('fs');","        local.http = require('http');","        local.url = require('url');","        // init assets","        local.assetsDict = local.assetsDict || {};","        /* jslint-ignore-begin */","        local.assetsDict['/assets.index.template.html'] = '\\","<!doctype html>\\n\\","<html lang=\"en\">\\n\\","<head>\\n\\","<meta charset=\"UTF-8\">\\n\\","<meta name=\"viewport\" content=\"width=device-width, initial-scale=1\">\\n\\","<title>{{env.npm_package_name}} (v{{env.npm_package_version}})</title>\\n\\","<style>\\n\\","/*csslint\\n\\","    box-sizing: false,\\n\\","    universal-selector: false\\n\\","*/\\n\\","* {\\n\\","    box-sizing: border-box;\\n\\","}\\n\\","body {\\n\\","    background: #dde;\\n\\","    font-family: Arial, Helvetica, sans-serif;\\n\\","    margin: 2rem;\\n\\","}\\n\\","body > * {\\n\\","    margin-bottom: 1rem;\\n\\","}\\n\\",".utility2FooterDiv {\\n\\","    margin-top: 20px;\\n\\","    text-align: center;\\n\\","}\\n\\","</style>\\n\\","<style>\\n\\","/*csslint\\n\\","*/\\n\\","textarea {\\n\\","    font-family: monospace;\\n\\","    height: 10rem;\\n\\","    width: 100%;\\n\\","}\\n\\","textarea[readonly] {\\n\\","    background: #ddd;\\n\\","}\\n\\","</style>\\n\\","</head>\\n\\","<body>\\n\\","<!-- utility2-comment\\n\\","<div id=\"ajaxProgressDiv1\" style=\"background: #d00; height: 2px; left: 0; margin: 0; padding: 0; position: fixed; top: 0; transition: background 0.5s, width 1.5s; width: 25%;\"></div>\\n\\","utility2-comment -->\\n\\","<h1>\\n\\","<!-- utility2-comment\\n\\","    <a\\n\\","        {{#if env.npm_package_homepage}}\\n\\","        href=\"{{env.npm_package_homepage}}\"\\n\\","        {{/if env.npm_package_homepage}}\\n\\","        target=\"_blank\"\\n\\","    >\\n\\","utility2-comment -->\\n\\","        {{env.npm_package_name}} (v{{env.npm_package_version}})\\n\\","<!-- utility2-comment\\n\\","    </a>\\n\\","utility2-comment -->\\n\\","</h1>\\n\\","<h3>{{env.npm_package_description}}</h3>\\n\\","<!-- utility2-comment\\n\\","<h4><a download href=\"assets.app.js\">download standalone app</a></h4>\\n\\","<button class=\"onclick onreset\" id=\"testRunButton1\">run internal test</button><br>\\n\\","<div id=\"testReportDiv1\" style=\"display: none;\"></div>\\n\\","utility2-comment -->\\n\\","\\n\\","\\n\\","\\n\\","<label>stderr and stdout</label>\\n\\","<textarea class=\"resettable\" id=\"outputTextareaStdout1\" readonly></textarea>\\n\\","<!-- utility2-comment\\n\\","{{#if isRollup}}\\n\\","<script src=\"assets.app.js\"></script>\\n\\","{{#unless isRollup}}\\n\\","utility2-comment -->\\n\\","<script src=\"assets.utility2.rollup.js\"></script>\\n\\","<script src=\"jsonp.utility2._stateInit?callback=window.utility2._stateInit\"></script>\\n\\","<script src=\"assets.npmtest_haibu.rollup.js\"></script>\\n\\","<script src=\"assets.example.js\"></script>\\n\\","<script src=\"assets.test.js\"></script>\\n\\","<!-- utility2-comment\\n\\","{{/if isRollup}}\\n\\","utility2-comment -->\\n\\","<div class=\"utility2FooterDiv\">\\n\\","    [ this app was created with\\n\\","    <a href=\"https://github.com/kaizhu256/node-utility2\" target=\"_blank\">utility2</a>\\n\\","    ]\\n\\","</div>\\n\\","</body>\\n\\","</html>\\n\\","';","        /* jslint-ignore-end */","        if (local.templateRender) {","            local.assetsDict['/'] = local.templateRender(","                local.assetsDict['/assets.index.template.html'],","                {","                    env: local.objectSetDefault(local.env, {","                        npm_package_description: 'the greatest app in the world!',","                        npm_package_name: 'my-app',","                        npm_package_nameAlias: 'my_app',","                        npm_package_version: '0.0.1'","                    })","                }","            );","        } else {","            local.assetsDict['/'] = local.assetsDict['/assets.index.template.html']","                .replace((/\\{\\{env\\.(\\w+?)\\}\\}/g), function (match0, match1) {","                    // jslint-hack","                    String(match0);","                    switch (match1) {","                    case 'npm_package_description':","                        return 'the greatest app in the world!';","                    case 'npm_package_name':","                        return 'my-app';","                    case 'npm_package_nameAlias':","                        return 'my_app';","                    case 'npm_package_version':","                        return '0.0.1';","                    }","                });","        }","        // run the cli","        if (local.global.utility2_rollup || module !== require.main) {","            break;","        }","        local.assetsDict['/assets.example.js'] =","            local.assetsDict['/assets.example.js'] ||","            local.fs.readFileSync(__filename, 'utf8');","        // bug-workaround - long $npm_package_buildCustomOrg","        /* jslint-ignore-begin */","        local.assetsDict['/assets.npmtest_haibu.rollup.js'] =","            local.assetsDict['/assets.npmtest_haibu.rollup.js'] ||","            local.fs.readFileSync(","                local.npmtest_haibu.__dirname + '/lib.npmtest_haibu.js',","                'utf8'","            ).replace((/^#!/), '//');","        /* jslint-ignore-end */","        local.assetsDict['/favicon.ico'] = local.assetsDict['/favicon.ico'] || '';","        // if $npm_config_timeout_exit exists,","        // then exit this process after $npm_config_timeout_exit ms","        if (Number(process.env.npm_config_timeout_exit)) {","            setTimeout(process.exit, Number(process.env.npm_config_timeout_exit));","        }","        // start server","        if (local.global.utility2_serverHttp1) {","            break;","        }","        process.env.PORT = process.env.PORT || '8081';","        console.error('server starting on port ' + process.env.PORT);","        local.http.createServer(function (request, response) {","            request.urlParsed = local.url.parse(request.url);","            if (local.assetsDict[request.urlParsed.pathname] !== undefined) {","                response.end(local.assetsDict[request.urlParsed.pathname]);","                return;","            }","            response.statusCode = 404;","            response.end();","        }).listen(process.env.PORT);","        break;","    }","}());",""],"l":{"26":2,"28":2,"33":2,"35":2,"37":2,"38":2,"39":2,"44":1,"51":2,"55":2,"59":2,"61":2,"69":1,"70":2,"76":2,"79":2,"82":2,"83":2,"85":1,"89":2,"92":1,"93":1,"94":1,"96":1,"97":1,"100":1,"101":1,"103":1,"106":1,"108":2,"114":1,"116":1,"118":1,"123":1,"124":2,"125":2,"126":3,"127":3,"128":3,"129":3,"130":1,"133":3,"134":3,"139":3,"143":1,"144":3,"145":1,"149":1,"150":1,"158":1,"160":1,"161":1,"162":1,"164":1,"166":1,"258":1,"259":1,"271":1,"274":6,"275":6,"277":1,"279":2,"281":1,"283":2,"288":1,"289":1,"291":1,"296":1,"303":1,"306":1,"307":1,"310":1,"311":1,"313":1,"314":1,"315":1,"316":1,"317":1,"318":1,"319":1,"321":1,"322":1,"324":1}},"/home/travis/build/npmtest/node-npmtest-haibu/node_modules/haibu/lib/haibu.js":{"path":"/home/travis/build/npmtest/node-npmtest-haibu/node_modules/haibu/lib/haibu.js","s":{"1":1,"2":1,"3":1,"4":1,"5":1,"6":1,"7":1,"8":1,"9":1,"10":1,"11":1,"12":0,"13":1,"14":3,"15":6},"b":{},"f":{"1":0,"2":3,"3":6},"fnMap":{"1":{"name":"sendResponse","line":43,"loc":{"start":{"line":43,"column":21},"end":{"line":43,"column":62}}},"2":{"name":"(anonymous_2)","line":50,"loc":{"start":{"line":50,"column":55},"end":{"line":50,"column":73}}},"3":{"name":"(anonymous_3)","line":51,"loc":{"start":{"line":51,"column":33},"end":{"line":51,"column":45}}}},"statementMap":{"1":{"start":{"line":8,"column":0},"end":{"line":11,"column":31}},"2":{"start":{"line":13,"column":0},"end":{"line":23,"column":3}},"3":{"start":{"line":25,"column":0},"end":{"line":25,"column":39}},"4":{"start":{"line":30,"column":0},"end":{"line":30,"column":38}},"5":{"start":{"line":35,"column":0},"end":{"line":35,"column":59}},"6":{"start":{"line":37,"column":0},"end":{"line":37,"column":59}},"7":{"start":{"line":38,"column":0},"end":{"line":38,"column":59}},"8":{"start":{"line":39,"column":0},"end":{"line":39,"column":51}},"9":{"start":{"line":40,"column":0},"end":{"line":40,"column":44}},"10":{"start":{"line":41,"column":0},"end":{"line":41,"column":22}},"11":{"start":{"line":43,"column":0},"end":{"line":45,"column":2}},"12":{"start":{"line":44,"column":2},"end":{"line":44,"column":32}},"13":{"start":{"line":50,"column":0},"end":{"line":54,"column":2}},"14":{"start":{"line":51,"column":2},"end":{"line":53,"column":5}},"15":{"start":{"line":52,"column":4},"end":{"line":52,"column":48}}},"branchMap":{},"code":["/*"," * haibu.js: Top level include for the haibu module"," *"," * (C) 2010, Nodejitsu Inc."," *"," */","","var fs = require('fs'),","    path = require('path'),","    flatiron = require('flatiron'),","    semver = require('semver');","","var haibu = module.exports = new flatiron.App({","  delimiter: ':',","  root: path.join(__dirname, '..'),","  directories: {","    apps: '#ROOT/local',","    autostart: '#ROOT/autostart',","    config: '#ROOT/config',","    packages: '#ROOT/packages',","    tmp: '#ROOT/tmp'","  }","});","","haibu.use(flatiron.plugins.exceptions);","","//","// Expose version through `pkginfo`.","//","require('pkginfo')(module, 'version');","","//","// Set the allowed executables","//","haibu.config.set('allowedExecutables', ['node', 'coffee']);","","haibu.common     = haibu.utils = require('./haibu/common');","haibu.Spawner    = require('./haibu/core/spawner').Spawner;","haibu.repository = require('./haibu/repositories');","haibu.drone      = require('./haibu/drone');","haibu.running    = {};","","haibu.sendResponse = function sendResponse(res, status, body) {","  return res.json(status, body);","};","","//","// Expose the relevant plugins as lazy-loaded getters","//","['coffee', 'advanced-replies', 'useraccounts'].forEach(function (plugin) {","  haibu.__defineGetter__(plugin, function () {","    return require('./haibu/plugins/' + plugin);","  });","})"],"l":{"8":1,"13":1,"25":1,"30":1,"35":1,"37":1,"38":1,"39":1,"40":1,"41":1,"43":1,"44":0,"50":1,"51":3,"52":6}},"/home/travis/build/npmtest/node-npmtest-haibu/node_modules/haibu/lib/haibu/common/index.js":{"path":"/home/travis/build/npmtest/node-npmtest-haibu/node_modules/haibu/lib/haibu/common/index.js","s":{"1":1,"2":1,"3":1,"4":1,"5":0,"6":1,"7":1,"8":1,"9":0,"10":0,"11":0,"12":0,"13":0,"14":0,"15":0,"16":0,"17":1,"18":0,"19":0,"20":1,"21":0,"22":1,"23":0,"24":0,"25":0,"26":0,"27":0,"28":0,"29":0,"30":0,"31":0,"32":1,"33":0,"34":0,"35":0,"36":1,"37":0,"38":0,"39":0,"40":0,"41":0,"42":0},"b":{"1":[1,0],"2":[0,0],"3":[0,0],"4":[0,0],"5":[0,0],"6":[0,0],"7":[0,0],"8":[0,0],"9":[0,0],"10":[0,0]},"f":{"1":0,"2":0,"3":0,"4":0,"5":0,"6":0,"7":0,"8":0,"9":0,"10":0,"11":0,"12":0},"fnMap":{"1":{"name":"(anonymous_1)","line":27,"loc":{"start":{"line":27,"column":11},"end":{"line":27,"column":23}}},"2":{"name":"(anonymous_2)","line":65,"loc":{"start":{"line":65,"column":21},"end":{"line":65,"column":54}}},"3":{"name":"(anonymous_3)","line":87,"loc":{"start":{"line":87,"column":26},"end":{"line":87,"column":39}}},"4":{"name":"(anonymous_4)","line":100,"loc":{"start":{"line":100,"column":19},"end":{"line":100,"column":39}}},"5":{"name":"(anonymous_5)","line":112,"loc":{"start":{"line":112,"column":15},"end":{"line":112,"column":49}}},"6":{"name":"(anonymous_6)","line":123,"loc":{"start":{"line":123,"column":16},"end":{"line":123,"column":45}}},"7":{"name":"(anonymous_7)","line":130,"loc":{"start":{"line":130,"column":22},"end":{"line":130,"column":44}}},"8":{"name":"rmUser","line":135,"loc":{"start":{"line":135,"column":25},"end":{"line":135,"column":54}}},"9":{"name":"(anonymous_9)","line":146,"loc":{"start":{"line":146,"column":25},"end":{"line":146,"column":41}}},"10":{"name":"(anonymous_10)","line":160,"loc":{"start":{"line":160,"column":19},"end":{"line":160,"column":35}}},"11":{"name":"(anonymous_11)","line":163,"loc":{"start":{"line":163,"column":46},"end":{"line":163,"column":61}}},"12":{"name":"(anonymous_12)","line":164,"loc":{"start":{"line":164,"column":39},"end":{"line":164,"column":58}}}},"statementMap":{"1":{"start":{"line":8,"column":0},"end":{"line":17,"column":35}},"2":{"start":{"line":19,"column":0},"end":{"line":19,"column":46}},"3":{"start":{"line":24,"column":0},"end":{"line":35,"column":1}},"4":{"start":{"line":25,"column":2},"end":{"line":34,"column":5}},"5":{"start":{"line":28,"column":6},"end":{"line":32,"column":38}},"6":{"start":{"line":41,"column":0},"end":{"line":41,"column":40}},"7":{"start":{"line":43,"column":0},"end":{"line":56,"column":2}},"8":{"start":{"line":65,"column":0},"end":{"line":90,"column":2}},"9":{"start":{"line":66,"column":2},"end":{"line":67,"column":16}},"10":{"start":{"line":69,"column":2},"end":{"line":77,"column":14}},"11":{"start":{"line":79,"column":2},"end":{"line":79,"column":41}},"12":{"start":{"line":80,"column":2},"end":{"line":80,"column":31}},"13":{"start":{"line":86,"column":2},"end":{"line":89,"column":3}},"14":{"start":{"line":87,"column":4},"end":{"line":87,"column":81}},"15":{"start":{"line":87,"column":41},"end":{"line":87,"column":62}},"16":{"start":{"line":88,"column":4},"end":{"line":88,"column":54}},"17":{"start":{"line":100,"column":0},"end":{"line":103,"column":2}},"18":{"start":{"line":101,"column":2},"end":{"line":101,"column":31}},"19":{"start":{"line":102,"column":2},"end":{"line":102,"column":98}},"20":{"start":{"line":112,"column":0},"end":{"line":114,"column":2}},"21":{"start":{"line":113,"column":2},"end":{"line":113,"column":66}},"22":{"start":{"line":123,"column":0},"end":{"line":139,"column":2}},"23":{"start":{"line":124,"column":2},"end":{"line":127,"column":3}},"24":{"start":{"line":125,"column":4},"end":{"line":125,"column":23}},"25":{"start":{"line":126,"column":4},"end":{"line":126,"column":19}},"26":{"start":{"line":129,"column":2},"end":{"line":129,"column":60}},"27":{"start":{"line":130,"column":2},"end":{"line":138,"column":5}},"28":{"start":{"line":131,"column":4},"end":{"line":133,"column":5}},"29":{"start":{"line":132,"column":6},"end":{"line":132,"column":27}},"30":{"start":{"line":135,"column":4},"end":{"line":137,"column":17}},"31":{"start":{"line":136,"column":6},"end":{"line":136,"column":45}},"32":{"start":{"line":146,"column":0},"end":{"line":151,"column":2}},"33":{"start":{"line":147,"column":2},"end":{"line":147,"column":39}},"34":{"start":{"line":149,"column":2},"end":{"line":149,"column":20}},"35":{"start":{"line":150,"column":2},"end":{"line":150,"column":73}},"36":{"start":{"line":160,"column":0},"end":{"line":173,"column":2}},"37":{"start":{"line":161,"column":2},"end":{"line":161,"column":42}},"38":{"start":{"line":163,"column":2},"end":{"line":168,"column":21}},"39":{"start":{"line":164,"column":4},"end":{"line":166,"column":7}},"40":{"start":{"line":165,"column":6},"end":{"line":165,"column":73}},"41":{"start":{"line":167,"column":4},"end":{"line":167,"column":55}},"42":{"start":{"line":170,"column":2},"end":{"line":172,"column":18}}},"branchMap":{"1":{"line":24,"type":"if","locations":[{"start":{"line":24,"column":0},"end":{"line":24,"column":0}},{"start":{"line":24,"column":0},"end":{"line":24,"column":0}}]},"2":{"line":72,"type":"binary-expr","locations":[{"start":{"line":72,"column":5},"end":{"line":72,"column":14}},{"start":{"line":72,"column":18},"end":{"line":72,"column":29}}]},"3":{"line":86,"type":"if","locations":[{"start":{"line":86,"column":2},"end":{"line":86,"column":2}},{"start":{"line":86,"column":2},"end":{"line":86,"column":2}}]},"4":{"line":124,"type":"if","locations":[{"start":{"line":124,"column":2},"end":{"line":124,"column":2}},{"start":{"line":124,"column":2},"end":{"line":124,"column":2}}]},"5":{"line":124,"type":"binary-expr","locations":[{"start":{"line":124,"column":6},"end":{"line":124,"column":15}},{"start":{"line":124,"column":19},"end":{"line":124,"column":48}}]},"6":{"line":129,"type":"binary-expr","locations":[{"start":{"line":129,"column":12},"end":{"line":129,"column":19}},{"start":{"line":129,"column":23},"end":{"line":129,"column":59}}]},"7":{"line":131,"type":"if","locations":[{"start":{"line":131,"column":4},"end":{"line":131,"column":4}},{"start":{"line":131,"column":4},"end":{"line":131,"column":4}}]},"8":{"line":165,"type":"binary-expr","locations":[{"start":{"line":165,"column":13},"end":{"line":165,"column":44}},{"start":{"line":165,"column":48},"end":{"line":165,"column":73}}]},"9":{"line":167,"type":"cond-expr","locations":[{"start":{"line":167,"column":26},"end":{"line":167,"column":42}},{"start":{"line":167,"column":45},"end":{"line":167,"column":54}}]},"10":{"line":170,"type":"cond-expr","locations":[{"start":{"line":171,"column":6},"end":{"line":171,"column":18}},{"start":{"line":172,"column":6},"end":{"line":172,"column":17}}]}},"code":["/*"," * index.js: Top level module include for utils module."," *"," * (C) 2010, Nodejitsu Inc."," *"," */","","var crypto = require('crypto'),","    fs = require('fs'),","    http = require('http'),","    os = require('os'),","    path = require('path'),","    spawn = require('child_process').spawn,","    flatiron = require('flatiron'),","    async = flatiron.common.async,","    rimraf = flatiron.common.rimraf,","    haibu = require('../../haibu');","","var common = module.exports = flatiron.common;","","//","// **REALLY DONT DO THIS HERE! But where?**","//","if (!Error.prototype.toJSON) {","  Object.defineProperty(Error.prototype, \"toJSON\", { ","    enumerable: false, ","    value: function () { ","      return flatiron.common.mixin({ ","        message: this.message, ","        stack: this.stack, ","        arguments: this.arguments","      }, flatiron.common.clone(this));","    } ","  });","}","","//","// ### Include Exports","// Export additional common components","//","var npm = common.npm = require('./npm');","","common.welcome = [","  '      __                  __               '.yellow,","  '     / /_    ______  __  / /_     __  __   '.yellow,","  '    / __ \\\\  / __  / / / /  __ \\\\  / / / /   '.yellow,","  '   / / / / / /_/ / / / /  /_/ / / /_/ /    '.yellow,","  '  /_/ /_/  \\\\__,_/ /_/ /_/\\\\___/  \\\\__,_/     '.yellow,","  '  ',","  '  This is Open Source Software available under'.grey,","  '  the MIT License.'.grey,","  '  ',","  ('  © ' + (new Date()).getFullYear() + ' Nodejitsu Inc.').grey,","  '  All Rights Reserved - www.nodejitsu.com'.grey,","  ''","];","","//","// ### function showWelcome (mode, ipAddress, port)","// #### @mode {string} The mode that haibu is currently running in.","// #### @ipAddress {string} The IP Address / host that haibu is binding to.","// #### @port {int} The port that haibu is binding to.","// Prints the signature `haibu` welcome message using the colors module.","//","common.showWelcome = function (role, ipAddress, port) {","  var plugins = Object.keys(haibu.plugins),","      serverMsg;","","  serverMsg = [","    'haibu'.yellow.bold,","    'started @'.grey,","    (ipAddress || '127.0.0.1').green.bold,","    'on port'.grey,","    port.toString().green.bold,","    'as'.grey,","    role.green.bold","  ].join(' ');","","  console.log(common.welcome.join('\\n'));","  console.log(' ' + serverMsg);","","  //","  // If there are any active plugins then","  // indicate this via logged messages","  //","  if (plugins.length > 0) {","    plugins = plugins.map(function (p) { return p.yellow.bold }).join(', '.grey);","    console.log('    using plugins: '.grey + plugins);","  }","};","","//","// ### function getEndKey (startKey)","// #### @startKey {string} Startkey paramater for querying CouchDB.","// Returns the 'endkey' associated with the `startKey`, that is,","// the same string except with the last character alphabetically incremented.","//","// e.g. `char ==> chas`","//","common.getEndKey = function (startKey) {","  var length = startKey.length;","  return startKey.slice(0, length - 1) + String.fromCharCode(startKey.charCodeAt(length - 1) + 1);","};","","//","// ### function rmApp (appsDir, app, callback)","// #### @appsDir {string} Root for all application source files.","// #### @app {App} Application to remove directories for.","// #### @callback {function} Continuation passed to respond to.","// Removes all source code associated with the specified `app`.","//","common.rmApp = function (appsDir, app, callback) {","  return rimraf(path.join(appsDir, app.user, app.name), callback);","};","","//","// ### function rmApps (appsDir, callback)","// #### @appsDir {string} Root for all application source files.","// #### @callback {function} Continuation passed to respond to.","// Removes all source code associated with all users and all applications","// from this Haibu process.","//","common.rmApps = function (appsDir, callback) {","  if (!callback && typeof appsDir === 'function') {","    callback = appsDir;","    appsDir = null;","  }","","  appsDir = appsDir || haibu.config.get('directories:apps');","  fs.readdir(appsDir, function (err, users) {","    if (err) {","      return callback(err);","    }","","    async.forEach(users, function rmUser (user, next) {","      rimraf(path.join(appsDir, user), next);","    }, callback);","  });","};","","//","// ### sanitizeAppname (name)","// Returns sanitized appname (with removed characters) concatenated with","// original name's hash","//","common.sanitizeAppname = function (name) {","  var sha1 = crypto.createHash('sha1');","","  sha1.update(name);","  return name.replace(/[^a-z0-9\\-\\_]+/g, '-') + '-' + sha1.digest('hex');","};","","//","// ### function ipAddress (name)","// #### @name {string} **Optional** Name of the network interface","// Returns the address for the network interface on the current","// system with the specified `name`. If no interface or `IPv4`","// family is found return the loopback addres `127.0.0.1`.","//","common.ipAddress = function (name) {","  var interfaces = os.networkInterfaces();","  ","  var addresses = Object.keys(interfaces).map(function (nic) {","    var addrs = interfaces[nic].filter(function (details) {","      return details.address !== '127.0.0.1' && details.family === 'IPv4'","    });","    return addrs.length ? addrs[0].address : undefined;","  }).filter(Boolean);","  ","  return addresses.length","    ? addresses[0]","    : '127.0.0.1';","};"],"l":{"8":1,"19":1,"24":1,"25":1,"28":0,"41":1,"43":1,"65":1,"66":0,"69":0,"79":0,"80":0,"86":0,"87":0,"88":0,"100":1,"101":0,"102":0,"112":1,"113":0,"123":1,"124":0,"125":0,"126":0,"129":0,"130":0,"131":0,"132":0,"135":0,"136":0,"146":1,"147":0,"149":0,"150":0,"160":1,"161":0,"163":0,"164":0,"165":0,"167":0,"170":0}},"/home/travis/build/npmtest/node-npmtest-haibu/node_modules/haibu/lib/haibu/common/npm.js":{"path":"/home/travis/build/npmtest/node-npmtest-haibu/node_modules/haibu/lib/haibu/common/npm.js","s":{"1":1,"2":1,"3":1,"4":0,"5":0,"6":0,"7":0,"8":0,"9":0,"10":0,"11":0,"12":1,"13":0,"14":0,"15":0,"16":0,"17":0,"18":0,"19":0,"20":1,"21":0,"22":0,"23":0,"24":0,"25":0,"26":0,"27":0,"28":0,"29":0,"30":0,"31":1,"32":0,"33":0,"34":0,"35":0,"36":0,"37":1,"38":0,"39":0,"40":0,"41":0,"42":0,"43":1,"44":0,"45":0,"46":0,"47":0,"48":0,"49":0,"50":0,"51":0,"52":1,"53":0,"54":0,"55":0,"56":0,"57":0,"58":0},"b":{"1":[0,0],"2":[0,0],"3":[0,0],"4":[0,0],"5":[0,0],"6":[0,0],"7":[0,0],"8":[0,0],"9":[0,0],"10":[0,0],"11":[0,0],"12":[0,0]},"f":{"1":0,"2":0,"3":0,"4":0,"5":0,"6":0,"7":0,"8":0,"9":0,"10":0,"11":0,"12":0,"13":0},"fnMap":{"1":{"name":"(anonymous_1)","line":23,"loc":{"start":{"line":23,"column":15},"end":{"line":23,"column":27}}},"2":{"name":"(anonymous_2)","line":28,"loc":{"start":{"line":28,"column":15},"end":{"line":28,"column":30}}},"3":{"name":"(anonymous_3)","line":49,"loc":{"start":{"line":49,"column":15},"end":{"line":49,"column":35}}},"4":{"name":"(anonymous_4)","line":51,"loc":{"start":{"line":51,"column":22},"end":{"line":51,"column":37}}},"5":{"name":"(anonymous_5)","line":68,"loc":{"start":{"line":68,"column":27},"end":{"line":68,"column":52}}},"6":{"name":"(anonymous_6)","line":70,"loc":{"start":{"line":70,"column":15},"end":{"line":70,"column":30}}},"7":{"name":"(anonymous_7)","line":103,"loc":{"start":{"line":103,"column":18},"end":{"line":103,"column":51}}},"8":{"name":"installAll","line":118,"loc":{"start":{"line":118,"column":2},"end":{"line":118,"column":28}}},"9":{"name":"(anonymous_9)","line":119,"loc":{"start":{"line":119,"column":36},"end":{"line":119,"column":51}}},"10":{"name":"loadAppAndInstall","line":133,"loc":{"start":{"line":133,"column":2},"end":{"line":133,"column":34}}},"11":{"name":"(anonymous_11)","line":134,"loc":{"start":{"line":134,"column":37},"end":{"line":134,"column":66}}},"12":{"name":"loadAndInstall","line":155,"loc":{"start":{"line":155,"column":2},"end":{"line":155,"column":28}}},"13":{"name":"(anonymous_13)","line":157,"loc":{"start":{"line":157,"column":17},"end":{"line":157,"column":32}}}},"statementMap":{"1":{"start":{"line":8,"column":0},"end":{"line":10,"column":35}},"2":{"start":{"line":12,"column":0},"end":{"line":18,"column":2}},"3":{"start":{"line":23,"column":0},"end":{"line":42,"column":2}},"4":{"start":{"line":24,"column":2},"end":{"line":26,"column":15}},"5":{"start":{"line":28,"column":2},"end":{"line":35,"column":5}},"6":{"start":{"line":29,"column":4},"end":{"line":34,"column":5}},"7":{"start":{"line":30,"column":6},"end":{"line":30,"column":21}},"8":{"start":{"line":33,"column":6},"end":{"line":33,"column":21}},"9":{"start":{"line":37,"column":2},"end":{"line":37,"column":54}},"10":{"start":{"line":39,"column":2},"end":{"line":41,"column":3}},"11":{"start":{"line":40,"column":4},"end":{"line":40,"column":15}},"12":{"start":{"line":49,"column":0},"end":{"line":60,"column":2}},"13":{"start":{"line":50,"column":2},"end":{"line":50,"column":64}},"14":{"start":{"line":51,"column":2},"end":{"line":59,"column":5}},"15":{"start":{"line":52,"column":4},"end":{"line":55,"column":5}},"16":{"start":{"line":53,"column":6},"end":{"line":53,"column":62}},"17":{"start":{"line":54,"column":6},"end":{"line":54,"column":27}},"18":{"start":{"line":57,"column":4},"end":{"line":57,"column":44}},"19":{"start":{"line":58,"column":4},"end":{"line":58,"column":15}},"20":{"start":{"line":68,"column":0},"end":{"line":93,"column":2}},"21":{"start":{"line":69,"column":2},"end":{"line":69,"column":18}},"22":{"start":{"line":70,"column":2},"end":{"line":92,"column":5}},"23":{"start":{"line":71,"column":4},"end":{"line":73,"column":5}},"24":{"start":{"line":72,"column":6},"end":{"line":72,"column":27}},"25":{"start":{"line":75,"column":4},"end":{"line":82,"column":5}},"26":{"start":{"line":76,"column":6},"end":{"line":79,"column":9}},"27":{"start":{"line":81,"column":6},"end":{"line":81,"column":38}},"28":{"start":{"line":84,"column":4},"end":{"line":84,"column":53}},"29":{"start":{"line":85,"column":4},"end":{"line":89,"column":7}},"30":{"start":{"line":91,"column":4},"end":{"line":91,"column":33}},"31":{"start":{"line":103,"column":0},"end":{"line":169,"column":2}},"32":{"start":{"line":104,"column":2},"end":{"line":111,"column":3}},"33":{"start":{"line":105,"column":4},"end":{"line":105,"column":87}},"34":{"start":{"line":106,"column":4},"end":{"line":109,"column":5}},"35":{"start":{"line":110,"column":4},"end":{"line":110,"column":22}},"36":{"start":{"line":113,"column":2},"end":{"line":113,"column":16}},"37":{"start":{"line":118,"column":2},"end":{"line":127,"column":3}},"38":{"start":{"line":119,"column":4},"end":{"line":126,"column":7}},"39":{"start":{"line":120,"column":6},"end":{"line":122,"column":7}},"40":{"start":{"line":121,"column":8},"end":{"line":121,"column":29}},"41":{"start":{"line":124,"column":6},"end":{"line":124,"column":54}},"42":{"start":{"line":125,"column":6},"end":{"line":125,"column":27}},"43":{"start":{"line":133,"column":2},"end":{"line":150,"column":3}},"44":{"start":{"line":134,"column":4},"end":{"line":149,"column":7}},"45":{"start":{"line":135,"column":6},"end":{"line":140,"column":7}},"46":{"start":{"line":136,"column":8},"end":{"line":136,"column":29}},"47":{"start":{"line":138,"column":11},"end":{"line":140,"column":7}},"48":{"start":{"line":139,"column":8},"end":{"line":139,"column":34}},"49":{"start":{"line":142,"column":6},"end":{"line":145,"column":8}},"50":{"start":{"line":147,"column":6},"end":{"line":147,"column":52}},"51":{"start":{"line":148,"column":6},"end":{"line":148,"column":31}},"52":{"start":{"line":155,"column":2},"end":{"line":164,"column":3}},"53":{"start":{"line":156,"column":4},"end":{"line":156,"column":32}},"54":{"start":{"line":157,"column":4},"end":{"line":163,"column":7}},"55":{"start":{"line":158,"column":6},"end":{"line":160,"column":7}},"56":{"start":{"line":159,"column":8},"end":{"line":159,"column":29}},"57":{"start":{"line":162,"column":6},"end":{"line":162,"column":25}},"58":{"start":{"line":166,"column":2},"end":{"line":168,"column":26}}},"branchMap":{"1":{"line":29,"type":"if","locations":[{"start":{"line":29,"column":4},"end":{"line":29,"column":4}},{"start":{"line":29,"column":4},"end":{"line":29,"column":4}}]},"2":{"line":39,"type":"if","locations":[{"start":{"line":39,"column":2},"end":{"line":39,"column":2}},{"start":{"line":39,"column":2},"end":{"line":39,"column":2}}]},"3":{"line":52,"type":"if","locations":[{"start":{"line":52,"column":4},"end":{"line":52,"column":4}},{"start":{"line":52,"column":4},"end":{"line":52,"column":4}}]},"4":{"line":71,"type":"if","locations":[{"start":{"line":71,"column":4},"end":{"line":71,"column":4}},{"start":{"line":71,"column":4},"end":{"line":71,"column":4}}]},"5":{"line":75,"type":"if","locations":[{"start":{"line":75,"column":4},"end":{"line":75,"column":4}},{"start":{"line":75,"column":4},"end":{"line":75,"column":4}}]},"6":{"line":75,"type":"binary-expr","locations":[{"start":{"line":75,"column":8},"end":{"line":75,"column":47}},{"start":{"line":75,"column":51},"end":{"line":75,"column":93}}]},"7":{"line":104,"type":"if","locations":[{"start":{"line":104,"column":2},"end":{"line":104,"column":2}},{"start":{"line":104,"column":2},"end":{"line":104,"column":2}}]},"8":{"line":120,"type":"if","locations":[{"start":{"line":120,"column":6},"end":{"line":120,"column":6}},{"start":{"line":120,"column":6},"end":{"line":120,"column":6}}]},"9":{"line":135,"type":"if","locations":[{"start":{"line":135,"column":6},"end":{"line":135,"column":6}},{"start":{"line":135,"column":6},"end":{"line":135,"column":6}}]},"10":{"line":138,"type":"if","locations":[{"start":{"line":138,"column":11},"end":{"line":138,"column":11}},{"start":{"line":138,"column":11},"end":{"line":138,"column":11}}]},"11":{"line":158,"type":"if","locations":[{"start":{"line":158,"column":6},"end":{"line":158,"column":6}},{"start":{"line":158,"column":6},"end":{"line":158,"column":6}}]},"12":{"line":166,"type":"cond-expr","locations":[{"start":{"line":167,"column":6},"end":{"line":167,"column":22}},{"start":{"line":168,"column":6},"end":{"line":168,"column":25}}]}},"code":["/*"," * npm.js: Simple utilities for working with npm."," *"," * (C) 2010, Nodejitsu Inc."," *"," */","","var npm = require('npm'),","    npmout = npm.log,","    haibu = require('../../haibu');","","var npmConfig = {","  _exit: false,","  exit: false,","  'unsafe-perm': true,","  loglevel: \"silent\",","  production: true","};","","//","// Monkey patch `npmout.write()` so that we don't need log or out files","//","npmout.write = function () {","  var args = Array.prototype.slice.call(arguments),","      message = '',","      callback;","","  args.forEach(function (arg) {","    if (typeof arg === 'function') {","      callback = arg;","    }","    else {","      message += arg;","    }","  });","","  haibu.emit('npm:output', 'info', { info: message });"," ","  if (callback) {","    callback();","  }","};","","//","// ### function load (callback)","// #### @callback {function} Continuation to respond to when complete.","// Loads npm with the default `npmConfig`.","//","exports.load = function (callback) {","  haibu.emit('npm:load', 'info', haibu.common.clone(npmConfig));","  npm.load(npmConfig, function (err) {","    if (err) {","      haibu.emit('npm:load', 'error', { error: err.message });","      return callback(err);","    }","","    haibu.emit('npm:load:success', 'silly');","    callback();","  });","};","","//","// ### function loadDependencies (callback)","// #### @app {Object} Application to load dependencies for","// #### @callback {function} Continuation to pass control back to when complete.","// Loads npm and the dependencies for the target `app`","//","exports.loadDependencies = function (app, callback) {","  var self = this;","  exports.load(function (err) {","    if (err) {","      return callback(err);","    }","","    if (typeof app.dependencies === 'undefined' || Object.keys(app.dependencies).length === 0) {","      haibu.emit('npm:install:none', 'info', { ","        app: app.name, ","        user: app.user ","      });","      ","      return callback(null, true, []);","    }","","    var dependencies = Object.keys(app.dependencies);","    haibu.emit('npm:install:load', 'info', { ","      app: app.name, ","      user: app.user, ","      dependencies: dependencies","    });","    ","    callback(null, dependencies);","  });","};","","//","// ### function install (dir, target, callback)","// #### @dir {string} Directory to install targets into.","// #### @target {Object|Array} Target dependencies or application to install.","// #### @callback {function} Continuation to pass control back to when complete.","// Install the `target` dependencies, either an Array of dependencies or a package.json","// manifest with potential dependencies.","//","exports.install = function (dir, target, callback) {","  if (!dir) {","    var err = new Error('Cannot install npm dependencies without a target directory.');","    err.blame = {","      type: 'system',","      message: 'NPM configuration'","    }","    return callback();","  }","","  var meta = {};","","  //","  // Install all dependencies into the target directory","  //","  function installAll(deps) {","    npm.commands.install(dir, deps, function (err) {","      if (err) {","        return callback(err);","      }","","      haibu.emit('npm:install:success', 'info', meta);","      callback(null, deps);","    });","  }","","  //","  // Loads all dependencies for the `app` manifest and then installs","  // them into the target directory.","  //","  function loadAppAndInstall(app) {","    exports.loadDependencies(target, function (err, dependencies) {","      if (err) {","        return callback(err);","      }","      else if (dependencies === true) {","        return callback(null, []);","      }","","      meta = {","        app: target.name,","        dependencies: dependencies","      };","","      haibu.emit('npm:install:start', 'info', meta);","      installAll(dependencies);","    });","  }","","  //","  // Load npm and install the raw list of dependencies","  //","  function loadAndInstall() {","    meta = { packages: target };","    exports.load(function (err) {","      if (err) {","        return callback(err);","      }","","      installAll(target);","    });","  }","","  return Array.isArray(target)","    ? loadAndInstall()","    : loadAppAndInstall();","};",""],"l":{"8":1,"12":1,"23":1,"24":0,"28":0,"29":0,"30":0,"33":0,"37":0,"39":0,"40":0,"49":1,"50":0,"51":0,"52":0,"53":0,"54":0,"57":0,"58":0,"68":1,"69":0,"70":0,"71":0,"72":0,"75":0,"76":0,"81":0,"84":0,"85":0,"91":0,"103":1,"104":0,"105":0,"106":0,"110":0,"113":0,"118":1,"119":0,"120":0,"121":0,"124":0,"125":0,"133":1,"134":0,"135":0,"136":0,"138":0,"139":0,"142":0,"147":0,"148":0,"155":1,"156":0,"157":0,"158":0,"159":0,"162":0,"166":0}},"/home/travis/build/npmtest/node-npmtest-haibu/node_modules/haibu/lib/haibu/core/spawner.js":{"path":"/home/travis/build/npmtest/node-npmtest-haibu/node_modules/haibu/lib/haibu/core/spawner.js","s":{"1":1,"2":1,"3":0,"4":0,"5":0,"6":0,"7":0,"8":0,"9":0,"10":0,"11":0,"12":0,"13":0,"14":0,"15":0,"16":0,"17":0,"18":0,"19":0,"20":0,"21":0,"22":0,"23":0,"24":0,"25":0,"26":0,"27":0,"28":0,"29":0,"30":0,"31":0,"32":0,"33":0,"34":0,"35":0,"36":0,"37":0,"38":0,"39":0,"40":0,"41":0,"42":0,"43":0,"44":0,"45":0,"46":0,"47":0,"48":1,"49":0,"50":0,"51":0,"52":0,"53":0,"54":0,"55":0,"56":1,"57":0,"58":0,"59":0,"60":0,"61":0,"62":0,"63":0,"64":0,"65":0,"66":0,"67":0,"68":0,"69":0,"70":0,"71":0,"72":1,"73":0,"74":0,"75":0,"76":0,"77":0,"78":0,"79":0,"80":0,"81":0,"82":0,"83":0,"84":0,"85":0,"86":0,"87":0,"88":0,"89":0,"90":0,"91":0,"92":0,"93":0,"94":0,"95":0,"96":0,"97":0,"98":0,"99":0,"100":0,"101":0,"102":0,"103":0,"104":0,"105":1,"106":0,"107":0,"108":0,"109":0,"110":0,"111":1,"112":0,"113":0,"114":0,"115":0,"116":0,"117":1,"118":0,"119":0,"120":0,"121":0,"122":0,"123":0,"124":0,"125":1,"126":0,"127":0,"128":0,"129":0,"130":0,"131":0,"132":0,"133":0,"134":0,"135":1,"136":0,"137":0,"138":1,"139":0,"140":0,"141":1,"142":0,"143":0,"144":0,"145":0,"146":0,"147":
[...]
,"end":{"line":181,"column":60}}},"15":{"name":"(anonymous_15)","line":182,"loc":{"start":{"line":182,"column":36},"end":{"line":182,"column":51}}},"16":{"name":"(anonymous_16)","line":193,"loc":{"start":{"line":193,"column":20},"end":{"line":193,"column":36}}},"17":{"name":"(anonymous_17)","line":201,"loc":{"start":{"line":201,"column":22},"end":{"line":201,"column":41}}},"18":{"name":"install","line":210,"loc":{"start":{"line":210,"column":29},"end":{"line":210,"column":69}}},"19":{"name":"(anonymous_19)","line":223,"loc":{"start":{"line":223,"column":21},"end":{"line":223,"column":37}}},"20":{"name":"changePermissions","line":235,"loc":{"start":{"line":235,"column":4},"end":{"line":235,"column":36}}},"21":{"name":"(anonymous_21)","line":241,"loc":{"start":{"line":241,"column":87},"end":{"line":241,"column":107}}},"22":{"name":"(anonymous_22)","line":249,"loc":{"start":{"line":249,"column":59},"end":{"line":249,"column":79}}},"23":{"name":"(anonymous_23)","line":266,"loc":{"start":{"line":266,"column":20},"end":{"line":266,"column":36}}}},"statementMap":{"1":{"start":{"line":2,"column":0},"end":{"line":6,"column":35}},"2":{"start":{"line":8,"column":0},"end":{"line":8,"column":27}},"3":{"start":{"line":10,"column":0},"end":{"line":36,"column":1}},"4":{"start":{"line":11,"column":2},"end":{"line":35,"column":5}},"5":{"start":{"line":16,"column":6},"end":{"line":16,"column":60}},"6":{"start":{"line":22,"column":6},"end":{"line":22,"column":60}},"7":{"start":{"line":30,"column":4},"end":{"line":30,"column":34}},"8":{"start":{"line":30,"column":13},"end":{"line":30,"column":34}},"9":{"start":{"line":31,"column":4},"end":{"line":31,"column":128}},"10":{"start":{"line":32,"column":4},"end":{"line":34,"column":7}},"11":{"start":{"line":33,"column":6},"end":{"line":33,"column":93}},"12":{"start":{"line":38,"column":0},"end":{"line":38,"column":42}},"13":{"start":{"line":39,"column":0},"end":{"line":46,"column":1}},"14":{"start":{"line":40,"column":2},"end":{"line":40,"column":53}},"15":{"start":{"line":41,"column":2},"end":{"line":41,"column":75}},"16":{"start":{"line":42,"column":2},"end":{"line":42,"column":82}},"17":{"start":{"line":43,"column":2},"end":{"line":43,"column":70}},"18":{"start":{"line":44,"column":2},"end":{"line":44,"column":72}},"19":{"start":{"line":45,"column":2},"end":{"line":45,"column":17}},"20":{"start":{"line":48,"column":0},"end":{"line":179,"column":1}},"21":{"start":{"line":49,"column":2},"end":{"line":53,"column":11}},"22":{"start":{"line":55,"column":2},"end":{"line":57,"column":3}},"23":{"start":{"line":56,"column":4},"end":{"line":56,"column":30}},"24":{"start":{"line":59,"column":2},"end":{"line":63,"column":4}},"25":{"start":{"line":64,"column":2},"end":{"line":68,"column":3}},"26":{"start":{"line":65,"column":4},"end":{"line":65,"column":49}},"27":{"start":{"line":66,"column":4},"end":{"line":66,"column":23}},"28":{"start":{"line":67,"column":4},"end":{"line":67,"column":11}},"29":{"start":{"line":70,"column":2},"end":{"line":70,"column":48}},"30":{"start":{"line":72,"column":2},"end":{"line":142,"column":3}},"31":{"start":{"line":73,"column":4},"end":{"line":79,"column":5}},"32":{"start":{"line":74,"column":6},"end":{"line":74,"column":55}},"33":{"start":{"line":77,"column":6},"end":{"line":77,"column":18}},"34":{"start":{"line":78,"column":6},"end":{"line":78,"column":13}},"35":{"start":{"line":80,"column":4},"end":{"line":94,"column":6}},"36":{"start":{"line":96,"column":4},"end":{"line":96,"column":58}},"37":{"start":{"line":97,"column":4},"end":{"line":97,"column":27}},"38":{"start":{"line":98,"column":4},"end":{"line":98,"column":46}},"39":{"start":{"line":103,"column":4},"end":{"line":103,"column":65}},"40":{"start":{"line":105,"column":4},"end":{"line":110,"column":7}},"41":{"start":{"line":106,"column":6},"end":{"line":109,"column":9}},"42":{"start":{"line":112,"column":4},"end":{"line":118,"column":7}},"43":{"start":{"line":113,"column":6},"end":{"line":113,"column":21}},"44":{"start":{"line":114,"column":6},"end":{"line":117,"column":9}},"45":{"start":{"line":120,"column":4},"end":{"line":141,"column":7}},"46":{"start":{"line":121,"column":6},"end":{"line":137,"column":7}},"47":{"start":{"line":122,"column":8},"end":{"line":122,"column":50}},"48":{"start":{"line":123,"column":8},"end":{"line":123,"column":24}},"49":{"start":{"line":124,"column":8},"end":{"line":124,"column":28}},"50":{"start":{"line":125,"column":8},"end":{"line":128,"column":10}},"51":{"start":{"line":130,"column":8},"end":{"line":133,"column":11}},"52":{"start":{"line":135,"column":8},"end":{"line":135,"column":22}},"53":{"start":{"line":136,"column":8},"end":{"line":136,"column":15}},"54":{"start":{"line":139,"column":6},"end":{"line":139,"column":54}},"55":{"start":{"line":140,"column":6},"end":{"line":140,"column":17}},"56":{"start":{"line":144,"column":2},"end":{"line":172,"column":3}},"57":{"start":{"line":145,"column":4},"end":{"line":145,"column":52}},"58":{"start":{"line":146,"column":4},"end":{"line":171,"column":7}},"59":{"start":{"line":147,"column":6},"end":{"line":154,"column":7}},"60":{"start":{"line":152,"column":8},"end":{"line":152,"column":18}},"61":{"start":{"line":153,"column":8},"end":{"line":153,"column":15}},"62":{"start":{"line":156,"column":6},"end":{"line":156,"column":14}},"63":{"start":{"line":157,"column":6},"end":{"line":167,"column":7}},"64":{"start":{"line":158,"column":8},"end":{"line":158,"column":31}},"65":{"start":{"line":165,"column":8},"end":{"line":165,"column":18}},"66":{"start":{"line":166,"column":8},"end":{"line":166,"column":15}},"67":{"start":{"line":169,"column":6},"end":{"line":169,"column":45}},"68":{"start":{"line":170,"column":6},"end":{"line":170,"column":72}},"69":{"start":{"line":178,"column":2},"end":{"line":178,"column":27}},"70":{"start":{"line":181,"column":0},"end":{"line":189,"column":2}},"71":{"start":{"line":182,"column":2},"end":{"line":188,"column":4}},"72":{"start":{"line":183,"column":4},"end":{"line":186,"column":5}},"73":{"start":{"line":184,"column":6},"end":{"line":184,"column":20}},"74":{"start":{"line":185,"column":6},"end":{"line":185,"column":13}},"75":{"start":{"line":187,"column":4},"end":{"line":187,"column":36}},"76":{"start":{"line":191,"column":0},"end":{"line":191,"column":35}},"77":{"start":{"line":193,"column":0},"end":{"line":199,"column":1}},"78":{"start":{"line":194,"column":2},"end":{"line":194,"column":27}},"79":{"start":{"line":195,"column":2},"end":{"line":198,"column":58}},"80":{"start":{"line":201,"column":0},"end":{"line":264,"column":2}},"81":{"start":{"line":202,"column":2},"end":{"line":204,"column":3}},"82":{"start":{"line":203,"column":4},"end":{"line":203,"column":70}},"83":{"start":{"line":206,"column":2},"end":{"line":206,"column":52}},"84":{"start":{"line":209,"column":2},"end":{"line":209,"column":42}},"85":{"start":{"line":210,"column":2},"end":{"line":263,"column":3}},"86":{"start":{"line":211,"column":4},"end":{"line":211,"column":20}},"87":{"start":{"line":213,"column":4},"end":{"line":213,"column":17}},"88":{"start":{"line":214,"column":4},"end":{"line":216,"column":5}},"89":{"start":{"line":215,"column":6},"end":{"line":215,"column":30}},"90":{"start":{"line":218,"column":4},"end":{"line":218,"column":80}},"91":{"start":{"line":219,"column":4},"end":{"line":219,"column":89}},"92":{"start":{"line":220,"column":4},"end":{"line":222,"column":8}},"93":{"start":{"line":223,"column":4},"end":{"line":233,"column":7}},"94":{"start":{"line":224,"column":8},"end":{"line":226,"column":10}},"95":{"start":{"line":227,"column":8},"end":{"line":232,"column":9}},"96":{"start":{"line":228,"column":10},"end":{"line":228,"column":62}},"97":{"start":{"line":231,"column":11},"end":{"line":231,"column":56}},"98":{"start":{"line":235,"column":4},"end":{"line":262,"column":5}},"99":{"start":{"line":236,"column":6},"end":{"line":239,"column":7}},"100":{"start":{"line":237,"column":8},"end":{"line":237,"column":22}},"101":{"start":{"line":238,"column":8},"end":{"line":238,"column":15}},"102":{"start":{"line":241,"column":6},"end":{"line":261,"column":9}},"103":{"start":{"line":242,"column":8},"end":{"line":244,"column":10}},"104":{"start":{"line":245,"column":8},"end":{"line":260,"column":9}},"105":{"start":{"line":246,"column":10},"end":{"line":246,"column":68}},"106":{"start":{"line":249,"column":10},"end":{"line":259,"column":13}},"107":{"start":{"line":250,"column":12},"end":{"line":252,"column":14}},"108":{"start":{"line":253,"column":12},"end":{"line":258,"column":13}},"109":{"start":{"line":254,"column":14},"end":{"line":254,"column":76}},"110":{"start":{"line":257,"column":14},"end":{"line":257,"column":25}},"111":{"start":{"line":266,"column":0},"end":{"line":268,"column":2}},"112":{"start":{"line":267,"column":2},"end":{"line":267,"column":9}}},"branchMap":{"1":{"line":30,"type":"if","locations":[{"start":{"line":30,"column":4},"end":{"line":30,"column":4}},{"start":{"line":30,"column":4},"end":{"line":30,"column":4}}]},"2":{"line":33,"type":"cond-expr","locations":[{"start":{"line":33,"column":22},"end":{"line":33,"column":84}},{"start":{"line":33,"column":87},"end":{"line":33,"column":91}}]},"3":{"line":55,"type":"if","locations":[{"start":{"line":55,"column":2},"end":{"line":55,"column":2}},{"start":{"line":55,"column":2},"end":{"line":55,"column":2}}]},"4":{"line":64,"type":"if","locations":[{"start":{"line":64,"column":2},"end":{"line":64,"column":2}},{"start":{"line":64,"column":2},"end":{"line":64,"column":2}}]},"5":{"line":64,"type":"binary-expr","locations":[{"start":{"line":64,"column":6},"end":{"line":64,"column":48}},{"start":{"line":64,"column":52},"end":{"line":64,"column":97}}]},"6":{"line":121,"type":"if","locations":[{"start":{"line":121,"column":6},"end":{"line":121,"column":6}},{"start":{"line":121,"column":6},"end":{"line":121,"column":6}}]},"7":{"line":121,"type":"binary-expr","locations":[{"start":{"line":121,"column":10},"end":{"line":121,"column":14}},{"start":{"line":121,"column":18},"end":{"line":121,"column":30}}]},"8":{"line":147,"type":"if","locations":[{"start":{"line":147,"column":6},"end":{"line":147,"column":6}},{"start":{"line":147,"column":6},"end":{"line":147,"column":6}}]},"9":{"line":183,"type":"if","locations":[{"start":{"line":183,"column":4},"end":{"line":183,"column":4}},{"start":{"line":183,"column":4},"end":{"line":183,"column":4}}]},"10":{"line":202,"type":"if","locations":[{"start":{"line":202,"column":2},"end":{"line":202,"column":2}},{"start":{"line":202,"column":2},"end":{"line":202,"column":2}}]},"11":{"line":227,"type":"if","locations":[{"start":{"line":227,"column":8},"end":{"line":227,"column":8}},{"start":{"line":227,"column":8},"end":{"line":227,"column":8}}]},"12":{"line":236,"type":"if","locations":[{"start":{"line":236,"column":6},"end":{"line":236,"column":6}},{"start":{"line":236,"column":6},"end":{"line":236,"column":6}}]},"13":{"line":245,"type":"if","locations":[{"start":{"line":245,"column":8},"end":{"line":245,"column":8}},{"start":{"line":245,"column":8},"end":{"line":245,"column":8}}]},"14":{"line":253,"type":"if","locations":[{"start":{"line":253,"column":12},"end":{"line":253,"column":12}},{"start":{"line":253,"column":12},"end":{"line":253,"column":12}}]}},"code":["","var fs = require('fs'),","    path = require('path'),","    spawn = require('child_process').spawn,","    async = require('flatiron').common.async,","    haibu = require('../../haibu');","","var useraccounts = exports;","","function makeNPMConfiguration(dir, target, callback) {","  async.parallel([","    //","    // Make the .npm folder for the npm cache","    //","    function makeDotNpm(next) {","      haibu.utils.mkdirp(path.join(dir, '..', '.npm'), next)","    },","    //","    // Make the .tmp folder for temporary npm files","    //","    function makeDotTmp(next) {","      haibu.utils.mkdirp(path.join(dir, '..', '.tmp'), next)","    },","    //","    // Create an empty .userconfig and .globalconfig for npm","    //","    async.apply(fs.writeFile, path.join(dir, '..', '.userconfig'), ''),","    async.apply(fs.writeFile, path.join(dir, '..', '.globalconfig'), '')","  ], function (err) {","    if (err) return callback(err);","    var child = spawn('chown',['-R',haibu.config.get('useraccounts:prefix') + target.user,'.'], {cwd:path.join(dir,'..','..')});","    child.on('exit', function (code) {","      callback(code ? new Error('Unable to change permissions on npm configuration') : null);","    });","  });  ","}","","var _spawnOptions = haibu.getSpawnOptions;","haibu.getSpawnOptions = function getSpawnOptions(target) {","  var options = _spawnOptions.apply(this, arguments);","  options.env.USER = haibu.config.get('useraccounts:prefix') + target.user;","  options.env.HOME = path.join(haibu.config.get('directories:apps'), target.user);","  options.env.TEMP = path.join(options.env.HOME, target.name, '.tmp');","  options.env.TMPDIR = path.join(options.env.HOME, target.name, '.tmp');","  return options;","}","","function spawnNPM(dir, target, callback) {","  var noNpm = haibu.config.get('no-npm'),","      appDir = dir,","      stderr = '',","      args,","      meta;","","  if (noNpm === true) {","    return callback(null, []);","  }","  ","  meta = {","    app: target.name,","    user: target.user,","    dependencies: target.dependencies","  };","  if (typeof target.dependencies === 'undefined' || Object.keys(target.dependencies).length === 0) {","    haibu.emit('npm:install:none', 'info', meta);","    callback(null, []);","    return;","  }","  ","  haibu.emit('npm:install:start', 'info', meta);","  ","  function spawnNpm (err) {","    try {","      var spawnOptions = haibu.getSpawnOptions(target);","    }","    catch (e) {","      callback(e);","      return;","    }","    args = [","      '-u',","      haibu.config.get('useraccounts:prefix') + target.user,","      'npm',","      // package.json scripts freak out from node-pack in some versions, sudo -u + this are workaround","      '--unsafe-perm', 'true',","      //only use cache for app","      '--cache', path.join(dir,'..','.npm'),","      //use blank or non-existent user config","      '--userconfig', path.join(dir,'..','.userconfig'),","      //use non-existant user config","      '--globalconfig', path.join(dir,'..','.globalconfig'),","      '--production',","      'install'","    ];","    ","    haibu.emit('npm:install:args', 'info', { args: args })","    spawnOptions.cwd = dir;","    child = spawn('sudo', args, spawnOptions);","    ","    //","    // Kill NPM if this takes more than 5 minutes","    //","    setTimeout(child.kill.bind(child, 'SIGKILL'), 5 * 60 * 1000);","    ","    child.stdout.on('data', function (data) {","      haibu.emit('npm:install:stdout', 'info', {","        data: data+'',","        meta: meta","      });","    });","","    child.stderr.on('data', function (data) {","      stderr += data;","      haibu.emit('npm:install:stderr', 'info', {","        data: data+'',","        meta: meta","      });","    });","","    child.on('exit', function (code) {","      if (code || code == null) {","        var err = new Error('NPM Install failed');","        err.code = code;","        err.result = stderr;","        err.blame = {","          type: 'user',","          message: 'NPM failed to install dependencies'","        };","","        haibu.emit('npm:install:failure', 'info', {","          code: code,","          meta: meta","        });","","        callback(err);","        return;","      }","","      haibu.emit('npm:install:success', 'info', meta);","      callback();","    });","  }","  ","  function rewritePackage(done) {","    var pkgFile = path.join(appDir, 'package.json');","    fs.readFile(pkgFile, 'utf8', function (err, data) {","      if (err) {","        //","        // TODO: Write a stripped down version of the package in memory","        // if no package exists on disk.","        //","        done(err);","        return;","      }","      ","      var pkg;","      try {","        pkg = JSON.parse(data);","      }","      catch (ex) {","        //","        // TODO: Write a stripped down version of the package in memory","        // if there is an error in the package.json on disk.","        //","        done(err);","        return;","      }","      ","      pkg.dependencies = target.dependencies;","      fs.writeFile(pkgFile, JSON.stringify(pkg, null, 2), 'utf8', done);","    });","  }","  ","  //","  // Rewrite the package.json in the chroot'ed app dir","  // and then invoke `npm install`.","  //","  rewritePackage(spawnNpm);","};","","haibu.common.npm.install = function (dir, target, callback) {","  makeNPMConfiguration(dir, target, function (err) {","    if (err) {","      callback(err);","      return;","    }","    spawnNPM(dir, target, callback);","  })","};","","useraccounts.name = 'useraccounts';","","useraccounts.argv = function (repo) {","  var user = repo.app.user;","  return { argv: ['--plugin',","        'setuid',","        '--setuid',","        haibu.config.get('useraccounts:prefix') + user] };","}","","useraccounts.attach = function (options) {","  if (process.getuid() !== 0) {","    throw new Error('useraccounts plugin requires admin privileges.');","  }","  ","  haibu.config.set('useraccounts:prefix', 'haibu-');","  ","  ","  var _install = haibu.common.npm.install;","  haibu.common.npm.install = function install(dir, target, callback) {","    var self = this;","","    var env = {};","    for(var k in process.env) {","      env[k] = process.env[k];","    }","","    var user = env.USER = haibu.config.get('useraccounts:prefix') + target.user;","    var appdir = env.HOME = path.join(haibu.config.get('directories:apps'), target.user);","    var child = spawn('bash', [path.join(__dirname, '..', 'common', 'adduser.sh')], {","        env: env","     });","    child.on('exit', function (code) {","        haibu.emit('useraccounts:adduser:exit', 'info', {","           exitCode: code","        })","        if (code === 0) {","          _install.call(self, dir, target, changePermissions);","        }","        else {","           callback(new Error('Unable to create user'));","        }","    });","    ","    function changePermissions(err) {","      if (err) {","        callback(err);","        return;","      }","","      spawn('chown', ['-R', user + ':nogroup', appdir + '/' + target.name]).on('exit', function (exitCode) {","        haibu.emit('useraccounts:chown:exit', 'info', {","           exitCode: exitCode","        })","        if (exitCode) {","          callback(new Error('Unable to grab ownership for files'));","        }","        else {","          spawn('chmod', ['-R', '777', appdir]).on('exit', function (exitCode) {","            haibu.emit('useraccounts:chmod:exit', 'info', {","               exitCode: exitCode","            })","            if (exitCode) {","              callback(new Error('Unable to change permissions for files'));","            }","            else {","              callback();","            }","          });","        }","      });","    }","  }","};","","useraccounts.init = function (done) {","  done();","};",""],"l":{"2":1,"8":1,"10":1,"11":0,"16":0,"22":0,"30":0,"31":0,"32":0,"33":0,"38":1,"39":1,"40":0,"41":0,"42":0,"43":0,"44":0,"45":0,"48":1,"49":0,"55":0,"56":0,"59":0,"64":0,"65":0,"66":0,"67":0,"70":0,"72":1,"73":0,"74":0,"77":0,"78":0,"80":0,"96":0,"97":0,"98":0,"103":0,"105":0,"106":0,"112":0,"113":0,"114":0,"120":0,"121":0,"122":0,"123":0,"124":0,"125":0,"130":0,"135":0,"136":0,"139":0,"140":0,"144":1,"145":0,"146":0,"147":0,"152":0,"153":0,"156":0,"157":0,"158":0,"165":0,"166":0,"169":0,"170":0,"178":0,"181":1,"182":0,"183":0,"184":0,"185":0,"187":0,"191":1,"193":1,"194":0,"195":0,"201":1,"202":0,"203":0,"206":0,"209":0,"210":0,"211":0,"213":0,"214":0,"215":0,"218":0,"219":0,"220":0,"223":0,"224":0,"227":0,"228":0,"231":0,"235":1,"236":0,"237":0,"238":0,"241":0,"242":0,"245":0,"246":0,"249":0,"250":0,"253":0,"254":0,"257":0,"266":1,"267":0}}}